Watching for file changes with StatReloader
Performing system checks...

Waiting for apps ready_event.
Apps ready_event triggered. Sending autoreload_started signal.
Exception in thread django-main-thread:
Traceback (most recent call last):
  File "C:\Users\Thanmayi vempala\AppData\Local\Programs\Python\Python312\Lib\threading.py", line 1073, in _bootstrap_inner
    self.run()
  File "C:\Users\Thanmayi vempala\AppData\Local\Programs\Python\Python312\Lib\threading.py", line 1010, in run
    self._target(*self._args, **self._kwargs)
  File "C:\Users\Thanmayi vempala\OneDrive\Desktop\DJANGOO\myProject\myVenv\Lib\site-packages\django\utils\autoreload.py", line 64, in wrapper
    fn(*args, **kwargs)
  File "C:\Users\Thanmayi vempala\OneDrive\Desktop\DJANGOO\myProject\myVenv\Lib\site-packages\django\core\management\commands\runserver.py", line 133, in inner_run
    self.check(display_num_errors=True)
  File "C:\Users\Thanmayi vempala\OneDrive\Desktop\DJANGOO\myProject\myVenv\Lib\site-packages\django\core\management\base.py", line 486, in check
    all_issues = checks.run_checks(
                 ^^^^^^^^^^^^^^^^^^
  File "C:\Users\Thanmayi vempala\OneDrive\Desktop\DJANGOO\myProject\myVenv\Lib\site-packages\django\core\checks\registry.py", line 88, in run_checks
    new_errors = check(app_configs=app_configs, databases=databases)
                 ^^^^^^^^^^^^^^^^^^^^^^^^^^^^^^^^^^^^^^^^^^^^^^^^^^^
  File "C:\Users\Thanmayi vempala\OneDrive\Desktop\DJANGOO\myProject\myVenv\Lib\site-packages\django\core\checks\urls.py", line 14, in check_url_config
    return check_resolver(resolver)
           ^^^^^^^^^^^^^^^^^^^^^^^^
  File "C:\Users\Thanmayi vempala\OneDrive\Desktop\DJANGOO\myProject\myVenv\Lib\site-packages\django\core\checks\urls.py", line 24, in check_resolver
    return check_method()
           ^^^^^^^^^^^^^^
  File "C:\Users\Thanmayi vempala\OneDrive\Desktop\DJANGOO\myProject\myVenv\Lib\site-packages\django\urls\resolvers.py", line 519, in check
    for pattern in self.url_patterns:
                   ^^^^^^^^^^^^^^^^^
  File "C:\Users\Thanmayi vempala\OneDrive\Desktop\DJANGOO\myProject\myVenv\Lib\site-packages\django\utils\functional.py", line 47, in __get__
    res = instance.__dict__[self.name] = self.func(instance)
                                         ^^^^^^^^^^^^^^^^^^^
  File "C:\Users\Thanmayi vempala\OneDrive\Desktop\DJANGOO\myProject\myVenv\Lib\site-packages\django\urls\resolvers.py", line 738, in url_patterns
    patterns = getattr(self.urlconf_module, "urlpatterns", self.urlconf_module)
                       ^^^^^^^^^^^^^^^^^^^
  File "C:\Users\Thanmayi vempala\OneDrive\Desktop\DJANGOO\myProject\myVenv\Lib\site-packages\django\utils\functional.py", line 47, in __get__
    res = instance.__dict__[self.name] = self.func(instance)
                            Watching dir C:\Users\Thanmayi vempala\OneDrive\Desktop\DJANGOO\myProject\myApp\templates with glob **/*.
Watching dir C:\Users\Thanmayi vempala\OneDrive\Desktop\DJANGOO\myProject\locale with glob **/*.mo.
 Watching dir C:\Users\Thanmayi vempala\OneDrive\Desktop\DJANGOO\myProject\myApp\locale with glob **/*.mo.
            ^^^^^^^^^^^^^^^^^^^
  File "C:\Users\Thanmayi vempala\OneDrive\Desktop\DJANGOO\myProject\myVenv\Lib\site-packages\django\urls\resolvers.py", line 731, in urlconf_module
    return import_module(self.urlconf_name)
           ^^^^^^^^^^^^^^^^^^^^^^^^^^^^^^^^
  File "C:\Users\Thanmayi vempala\AppData\Local\Programs\Python\Python312\Lib\importlib\__init__.py", line 90, in import_module
    return _bootstrap._gcd_import(name[level:], package, level)
           ^^^^^^^^^^^^^^^^^^^^^^^^^^^^^^^^^^^^^^^^^^^^^^^^^^^^
  File "<frozen importlib._bootstrap>", line 1387, in _gcd_import
  File "<frozen importlib._bootstrap>", line 1360, in _find_and_load
  File "<frozen importlib._bootstrap>", line 1331, in _find_and_load_unlocked
  File "<frozen importlib._bootstrap>", line 935, in _load_unlocked
  File "<frozen importlib._bootstrap_external>", line 995, in exec_module
  File "<frozen importlib._bootstrap>", line 488, in _call_with_frames_removed
  File "C:\Users\Thanmayi vempala\OneDrive\Desktop\DJANGOO\myProject\myProject\urls.py", line 7, in <module>
    path('',include ("myApp.urls")),
            ^^^^^^^^^^^^^^^^^^^^^^
  File "C:\Users\Thanmayi vempala\OneDrive\Desktop\DJANGOO\myProject\myVenv\Lib\site-packages\django\urls\conf.py", line 39, in include
    urlconf_module = import_module(urlconf_module)
                     ^^^^^^^^^^^^^^^^^^^^^^^^^^^^^
  File "C:\Users\Thanmayi vempala\AppData\Local\Programs\Python\Python312\Lib\importlib\__init__.py", line 90, in import_module
    return _bootstrap._gcd_import(name[level:], package, level)
           ^^^^^^^^^^^^^^^^^^^^^^^^^^^^^^^^^^^^^^^^^^^^^^^^^^^^
  File "<frozen importlib._bootstrap>", line 1387, in _gcd_import
  File "<frozen importlib._bootstrap>", line 1360, in _find_and_load
  File "<frozen importlib._bootstrap>", line 1331, in _find_and_load_unlocked
  File "<frozen importlib._bootstrap>", line 935, in _load_unlocked
  File "<frozen importlib._bootstrap_external>", line 995, in exec_module
  File "<frozen importlib._bootstrap>", line 488, in _call_with_frames_removed
  File "C:\Users\Thanmayi vempala\OneDrive\Desktop\DJANGOO\myProject\myApp\urls.py", line 2, in <module>
    from . import views
  File "C:\Users\Thanmayi vempala\OneDrive\Desktop\DJANGOO\myProject\myApp\views.py", line 1, in <module>
    import matplotlib
ModuleNotFoundError: No module named 'matplotlib'
File C:\Users\Thanmayi vempala\OneDrive\Desktop\DJANGOO\myProject\myVenv\Lib\site-packages\django\db\backends\sqlite3\operations.py first seen with mtime 1722626590.8902497
File C:\Users\Thanmayi vempala\OneDrive\Desktop\DJANGOO\myProject\myVenv\Lib\site-packages\django\db\migrations\operations\models.py first seen with mtime 1722626590.9352458
File C:\Users\Thanmayi vempala\OneDrive\Desktop\DJANGOO\myProject\myVenv\Lib\site-packages\django\utils\duration.py first seen with mtime 1722626591.3734605
File C:\Users\Thanmayi vempala\AppData\Local\Programs\Python\Python312\Lib\http\server.py first seen with mtime 1712654418.0
File C:\Users\Thanmayi vempala\OneDrive\Desktop\DJANGOO\myProject\myVenv\Lib\site-packages\sqlparse\filters\output.py first seen with mtime 1722626580.9859705
File C:\Users\Thanmayi vempala\AppData\Local\Programs\Python\Python312\Lib\mimetypes.py first seen with mtime 1712654418.0
File C:\Users\Thanmayi vempala\OneDrive\Desktop\DJANGOO\myProject\myVenv\Lib\site-packages\django\utils\inspect.py first seen with mtime 1722626591.3875115
File C:\Users\Thanmayi vempala\OneDrive\Desktop\DJANGOO\myProject\myVenv\Lib\site-packages\django\db\models\query.py first seen with mtime 1722626590.958258
File C:\Users\Thanmayi vempala\OneDrive\Desktop\DJANGOO\myProject\myVenv\Lib\site-packages\django\core\handlers\__init__.py first seen with mtime 1722626590.6942794
File C:\Users\Thanmayi vempala\OneDrive\Desktop\DJANGOO\myProject\myVenv\Lib\site-packages\django\utils\ipv6.py first seen with mtime 1722626591.3885164
File C:\Users\Thanmayi vempala\OneDrive\Desktop\DJANGOO\myProject\myVenv\Lib\site-packages\django\contrib\admin\templatetags\admin_urls.py first seen with mtime 1722626584.7722445
File C:\Users\Thanmayi vempala\OneDrive\Desktop\DJANGOO\myProject\myVenv\Lib\site-packages\django\utils\formats.py first seen with mtime 1722626591.380467
File C:\Users\Thanmayi vempala\OneDrive\Desktop\DJANGOO\myProject\myVenv\Lib\site-packages\django\core\checks\database.py first seen with mtime 1722626590.6447563
File C:\Users\Thanmayi vempala\OneDrive\Desktop\DJANGOO\myProject\myVenv\Lib\site-packages\django\db\migrations\operations\base.py first seen with mtime 1722626590.9292476
File C:\Users\Thanmayi vempala\AppData\Local\Programs\Python\Python312\Lib\asyncio\base_tasks.py first seen with mtime 1712654418.0
File C:\Users\Thanmayi vempala\AppData\Local\Programs\Python\Python312\Lib\urllib\request.py first seen with mtime 1712654418.0
File C:\Users\Thanmayi vempala\AppData\Local\Programs\Python\Python312\Lib\locale.py first seen with mtime 1712654418.0
File C:\Users\Thanmayi vempala\OneDrive\Desktop\DJANGOO\myProject\myVenv\Lib\site-packages\django\db\migrations\__init__.py first seen with mtime 1722626590.9022567
File C:\Users\Thanmayi vempala\AppData\Local\Programs\Python\Python312\Lib\logging\config.py first seen with mtime 1712654418.0
File C:\Users\Thanmayi vempala\AppData\Local\Programs\Python\Python312\Lib\copyreg.py first seen with mtime 1712654418.0
File C:\Users\Thanmayi vempala\OneDrive\Desktop\DJANGOO\myProject\myVenv\Lib\site-packages\django\db\migrations\operations\fields.py first seen with mtime 1722626590.9312503
File C:\Users\Thanmayi vempala\AppData\Local\Programs\Python\Python312\DLLs\_overlapped.pyd first seen with mtime 1712654462.0
File C:\Users\Thanmayi vempala\AppData\Local\Programs\Python\Python312\Lib\dataclasses.py first seen with mtime 1712654418.0
File C:\Users\Thanmayi vempala\OneDrive\Desktop\DJANGOO\myProject\myVenv\Lib\site-packages\django\contrib\__init__.py first seen with mtime 1722626583.0587218
File C:\Users\Thanmayi vempala\AppData\Local\Programs\Python\Python312\Lib\email\mime\text.py first seen with mtime 1712654418.0
File C:\Users\Thanmayi vempala\OneDrive\Desktop\DJANGOO\myProject\myVenv\Lib\site-packages\django\template\loaders\base.py first seen with mtime 1722626591.268691
File C:\Users\Thanmayi vempala\AppData\Local\Programs\Python\Python312\Lib\email\header.py first seen with mtime 1712654418.0
File C:\Users\Thanmayi vempala\OneDrive\Desktop\DJANGOO\myProject\myVenv\Lib\site-packages\django\utils\hashable.py first seen with mtime 1722626591.3825
File C:\Users\Thanmayi vempala\AppData\Local\Programs\Python\Python312\Lib\pprint.py first seen with mtime 1712654418.0
File C:\Users\Thanmayi vempala\AppData\Local\Programs\Python\Python312\Lib\email\errors.py first seen with mtime 1712654418.0
File C:\Users\Thanmayi vempala\OneDrive\Desktop\DJANGOO\myProject\myVenv\Lib\site-packages\django\db\models\fields\generated.py first seen with mtime 1722626590.9697814
File C:\Users\Thanmayi vempala\AppData\Local\Programs\Python\Python312\Lib\selectors.py first seen with mtime 1712654418.0
File C:\Users\Thanmayi vempala\AppData\Local\Programs\Python\Python312\Lib\multiprocessing\reduction.py first seen with mtime 1712654418.0
File C:\Users\Thanmayi vempala\OneDrive\Desktop\DJANGOO\myProject\myVenv\Lib\site-packages\sqlparse\filters\right_margin.py first seen with mtime 1722626580.9983056
File C:\Users\Thanmayi vempala\OneDrive\Desktop\DJANGOO\myProject\myVenv\Lib\site-packages\django\core\checks\security\__init__.py first seen with mtime 1722626590.6577642
File C:\Users\Thanmayi vempala\AppData\Local\Programs\Python\Python312\Lib\asyncio\coroutines.py first seen with mtime 1712654418.0
File C:\Users\Thanmayi vempala\OneDrive\Desktop\DJANGOO\myProject\myVenv\Lib\site-packages\django\contrib\auth\checks.py first seen with mtime 1722626585.4947422
File C:\Users\Thanmayi vempala\OneDrive\Desktop\DJANGOO\myProject\myVenv\Lib\site-packages\django\views\decorators\debug.py first seen with mtime 1722626591.4385166
File C:\Users\Thanmayi vempala\AppData\Local\Programs\Python\Python312\Lib\random.py first seen with mtime 1712654418.0
File C:\Users\Thanmayi vempala\AppData\Local\Programs\Python\Python312\Lib\ctypes\wintypes.py first seen with mtime 1712654418.0
File C:\Users\Thanmayi vempala\OneDrive\Desktop\DJANGOO\myProject\myApp\admin.py first seen with mtime 1722509628.607738
File C:\Users\Thanmayi vempala\OneDrive\Desktop\DJANGOO\myProject\manage.py first seen with mtime 1722509595.4097733
File C:\Users\Thanmayi vempala\AppData\Local\Programs\Python\Python312\Lib\encodings\aliases.py first seen with mtime 1712654418.0
File C:\Users\Thanmayi vempala\OneDrive\Desktop\DJANGOO\myProject\myVenv\Lib\site-packages\django\db\models\sql\query.py first seen with mtime 1722626591.0127795
File C:\Users\Thanmayi vempala\AppData\Local\Programs\Python\Python312\Lib\wsgiref\__init__.py first seen with mtime 1712654418.0
File C:\Users\Thanmayi vempala\AppData\Local\Programs\Python\Python312\Lib\sqlite3\dbapi2.py first seen with mtime 1712654418.0
File C:\Users\Thanmayi vempala\OneDrive\Desktop\DJANGOO\myProject\myVenv\Lib\site-packages\django\contrib\sessions\__init__.py first seen with mtime 1722626589.407914
File C:\Users\Thanmayi vempala\OneDrive\Desktop\DJANGOO\myProject\myVenv\Lib\site-packages\django\core\files\storage\base.py first seen with mtime 1722626590.6852818
File C:\Users\Thanmayi vempala\AppData\Local\Programs\Python\Python312\Lib\statistics.py first seen with mtime 1712654418.0
File C:\Users\Thanmayi vempala\OneDrive\Desktop\DJANGOO\myProject\myProject\__init__.py first seen with mtime 1722509595.486786
File C:\Users\Thanmayi vempala\AppData\Local\Programs\Python\Python312\Lib\asyncio\proactor_events.py first seen with mtime 1712654418.0
File C:\Users\Thanmayi vempala\AppData\Local\Programs\Python\Python312\Lib\email\__init__.py first seen with mtime 1712654418.0
File C:\Users\Thanmayi vempala\AppData\Local\Programs\Python\Python312\Lib\ast.py first seen with mtime 1712654418.0
File C:\Users\Thanmayi vempala\OneDrive\Desktop\DJANGOO\myProject\myVenv\Lib\site-packages\django\contrib\contenttypes\management\__init__.py first seen with mtime 1722626586.6981597
File C:\Users\Thanmayi vempala\OneDrive\Desktop\DJANGOO\myProject\myVenv\Lib\site-packages\django\template\response.py first seen with mtime 1722626591.232165
File C:\Users\Thanmayi vempala\OneDrive\Desktop\DJANGOO\myProject\myVenv\Lib\site-packages\django\db\utils.py first seen with mtime 1722626590.7932916
File C:\Users\Thanmayi vempala\AppData\Local\Programs\Python\Python312\Lib\asyncio\events.py first seen with mtime 1712654418.0
File C:\Users\Thanmayi vempala\OneDrive\Desktop\DJANGOO\myProject\myVenv\Lib\site-packages\django\views\decorators\csrf.py first seen with mtime 1722626591.4365113
File C:\Users\Thanmayi vempala\AppData\Local\Programs\Python\Python312\Lib\warnings.py first seen with mtime 1712654418.0
File C:\Users\Thanmayi vempala\OneDrive\Desktop\DJANGOO\myProject\myVenv\Lib\site-packages\django\utils\crypto.py first seen with mtime 1722626591.355822
File C:\Users\Thanmayi vempala\OneDrive\Desktop\DJANGOO\myProject\myVenv\Lib\site-packages\django\core\checks\caches.py first seen with mtime 1722626590.6427581
File C:\Users\Thanmayi vempala\AppData\Local\Programs\Python\Python312\Lib\keyword.py first seen with mtime 1712654418.0
File C:\Users\Thanmayi vempala\OneDrive\Desktop\DJANGOO\myProject\myVenv\Lib\site-packages\sqlparse\engine\grouping.py first seen with mtime 1722626580.9779696
File C:\Users\Thanmayi vempala\AppData\Local\Programs\Python\Python312\Lib\zoneinfo\_common.py first seen with mtime 1712654418.0
File C:\Users\Thanmayi vempala\OneDrive\Desktop\DJANGOO\myProject\myVenv\Lib\site-packages\django\template\exceptions.py first seen with mtime 1722626591.2261698
File C:\Users\Thanmayi vempala\AppData\Local\Programs\Python\Python312\Lib\pickle.py first seen with mtime 1712654418.0
File C:\Users\Thanmayi vempala\AppData\Local\Programs\Python\Python312\Lib\email\message.py first seen with mtime 1712654418.0
File C:\Users\Thanmayi vempala\AppData\Local\Programs\Python\Python312\Lib\token.py first seen with mtime 1712654418.0
File C:\Users\Thanmayi vempala\AppData\Local\Programs\Python\Python312\Lib\asyncio\protocols.py first seen with mtime 1712654418.0
File C:\Users\Thanmayi vempala\AppData\Local\Programs\Python\Python312\Lib\bz2.py first seen with mtime 1712654418.0
File C:\Users\Thanmayi vempala\AppData\Local\Programs\Python\Python312\Lib\asyncio\base_events.py first seen with mtime 1712654418.0
File C:\Users\Thanmayi vempala\OneDrive\Desktop\DJANGOO\myProject\myVenv\Lib\site-packages\django\core\signals.py first seen with mtime 1722626590.6184132
File C:\Users\Thanmayi vempala\AppData\Local\Programs\Python\Python312\Lib\gettext.py first seen with mtime 1712654418.0
File C:\Users\Thanmayi vempala\OneDrive\Desktop\DJANGOO\myProject\myVenv\Lib\site-packages\sqlparse\formatter.py first seen with mtime 1722626580.9669805
File C:\Users\Thanmayi vempala\OneDrive\Desktop\DJANGOO\myProject\myVenv\Lib\site-packages\sqlparse\cli.py first seen with mtime 1722626580.9639788
File C:\Users\Thanmayi vempala\AppData\Local\Programs\Python\Python312\Lib\contextlib.py first seen with mtime 1712654418.0
File C:\Users\Thanmayi vempala\AppData\Local\Programs\Python\Python312\Lib\html\entities.py first seen with mtime 1712654418.0
File C:\Users\Thanmayi vempala\OneDrive\Desktop\DJANGOO\myProject\myVenv\Lib\site-packages\django\db\models\functions\math.py first seen with mtime 1722626590.98978
File C:\Users\Thanmayi vempala\AppData\Local\Programs\Python\Python312\Lib\concurrent\futures\_base.py first seen with mtime 1712654418.0
File C:\Users\Thanmayi vempala\AppData\Local\Programs\Python\Python312\Lib\base64.py first seen with mtime 1712654418.0
File C:\Users\Thanmayi vempala\OneDrive\Desktop\DJANGOO\myProject\myVenv\Lib\site-packages\django\http\__init__.py first seen with mtime 1722626591.1834986
File C:\Users\Thanmayi vempala\OneDrive\Desktop\DJANGOO\myProject\myVenv\Lib\site-packages\django\contrib\staticfiles\handlers.py first seen with mtime 1722626590.5904112
File C:\Users\Thanmayi vempala\AppData\Local\Programs\Python\Python312\Lib\shutil.py first seen with mtime 1712654418.0
File C:\Users\Thanmayi vempala\OneDrive\Desktop\DJANGOO\myProject\myVenv\Lib\site-packages\django\views\debug.py first seen with mtime 1722626591.4245148
File C:\Users\Thanmayi vempala\OneDrive\Desktop\DJANGOO\myProject\myVenv\Lib\site-packages\django\contrib\messages\__init__.py first seen with mtime 1722626588.4203525
File C:\Users\Thanmayi vempala\AppData\Local\Programs\Python\Python312\Lib\secrets.py first seen with mtime 1712654418.0
File C:\Users\Thanmayi vempala\OneDrive\Desktop\DJANGOO\myProject\myVenv\Lib\site-packages\django\utils\connection.py first seen with mtime 1722626591.3548255
File C:\Users\Thanmayi vempala\OneDrive\Desktop\DJANGOO\myProject\myVenv\Lib\site-packages\django\contrib\contenttypes\views.py first seen with mtime 1722626586.129916
File C:\Users\Thanmayi vempala\AppData\Local\Programs\Python\Python312\Lib\email\utils.py first seen with mtime 1712654418.0
File C:\Users\Thanmayi vempala\OneDrive\Desktop\DJANGOO\myProject\myVenv\Lib\site-packages\django\template\backends\base.py first seen with mtime 1722626591.2401555
File C:\Users\Thanmayi vempala\OneDrive\Desktop\DJANGOO\myProject\myVenv\Lib\site-packages\django\views\generic\edit.py first seen with mtime 1722626591.4505188
File C:\Users\Thanmayi vempala\OneDrive\Desktop\DJANGOO\myProject\myVenv\Lib\site-packages\django\contrib\admin\templatetags\admin_modify.py first seen with mtime 1722626584.751726
File C:\Users\Thanmayi vempala\AppData\Local\Programs\Python\Python312\Lib\re\_parser.py first seen with mtime 1712654418.0
File C:\Users\Thanmayi vempala\OneDrive\Desktop\DJANGOO\myProject\myVenv\Lib\site-packages\django\db\models\sql\__init__.py first seen with mtime 1722626590.996778
File C:\Users\Thanmayi vempala\AppData\Local\Programs\Python\Python312\DLLs\_asyncio.pyd first seen with mtime 1712654462.0
File C:\Users\Thanmayi vempala\AppData\Local\Programs\Python\Python312\Lib\_compression.py first seen with mtime 1712654418.0
File C:\Users\Thanmayi vempala\AppData\Local\Programs\Python\Python312\Lib\asyncio\taskgroups.py first seen with mtime 1712654418.0
File C:\Users\Thanmayi vempala\OneDrive\Desktop\DJANGOO\myProject\myVenv\Lib\site-packages\django\template\__init__.py first seen with mtime 1722626591.2091558
File C:\Users\Thanmayi vempala\AppData\Local\Programs\Python\Python312\Lib\traceback.py first seen with mtime 1712654418.0
File C:\Users\Thanmayi vempala\AppData\Local\Programs\Python\Python312\Lib\re\_casefix.py first seen with mtime 1712654418.0
File C:\Users\Thanmayi vempala\OneDrive\Desktop\DJANGOO\myProject\myVenv\Lib\site-packages\django\core\files\storage\__init__.py first seen with mtime 1722626590.6832802
File C:\Users\Thanmayi vempala\AppData\Local\Programs\Python\Python312\Lib\pathlib.py first seen with mtime 1712654418.0
File C:\Users\Thanmayi vempala\OneDrive\Desktop\DJANGOO\myProject\myVenv\Lib\site-packages\django\utils\choices.py first seen with mtime 1722626591.352802
File C:\Users\Thanmayi vempala\OneDrive\Desktop\DJANGOO\myProject\myVenv\Lib\site-packages\django\contrib\staticfiles\__init__.py first seen with mtime 1722626590.5854168
File C:\Users\Thanmayi vempala\OneDrive\Desktop\DJANGOO\myProject\myVenv\Lib\site-packages\django\contrib\auth\password_validation.py first seen with mtime 1722626585.5087523
File C:\Users\Thanmayi vempala\OneDrive\Desktop\DJANGOO\myProject\myVenv\Lib\site-packages\django\contrib\contenttypes\admin.py first seen with mtime 1722626586.114913
File C:\Users\Thanmayi vempala\AppData\Local\Programs\Python\Python312\Lib\importlib\_abc.py first seen with mtime 1712654418.0
File C:\Users\Thanmayi vempala\OneDrive\Desktop\DJANGOO\myProject\myVenv\Lib\site-packages\django\contrib\admin\templatetags\base.py first seen with mtime 1722626584.773241
File C:\Users\Thanmayi vempala\OneDrive\Desktop\DJANGOO\myProject\myVenv\Lib\site-packages\django\core\handlers\base.py first seen with mtime 1722626590.7002919
File C:\Users\Thanmayi vempala\OneDrive\Desktop\DJANGOO\myProject\myVenv\Lib\site-packages\django\db\models\deletion.py first seen with mtime 1722626590.9482665
File C:\Users\Thanmayi vempala\AppData\Local\Programs\Python\Python312\Lib\email\_policybase.py first seen with mtime 1712654418.0
File C:\Users\Thanmayi vempala\OneDrive\Desktop\DJANGOO\myProject\myVenv\Lib\site-packages\django\db\transaction.py first seen with mtime 1722626590.791299
File C:\Users\Thanmayi vempala\AppData\Local\Programs\Python\Python312\Lib\email\iterators.py first seen with mtime 1712654418.0
File C:\Users\Thanmayi vempala\OneDrive\Desktop\DJANGOO\myProject\myVenv\Lib\site-packages\django\core\files\move.py first seen with mtime 1722626590.6702783
File C:\Users\Thanmayi vempala\AppData\Local\Programs\Python\Python312\Lib\html\__init__.py first seen with mtime 1712654418.0
File C:\Users\Thanmayi vempala\AppData\Local\Programs\Python\Python312\Lib\email\headerregistry.py first seen with mtime 1712654418.0
File C:\Users\Thanmayi vempala\OneDrive\Desktop\DJANGOO\myProject\myVenv\Lib\site-packages\django\utils\version.py first seen with mtime 1722626591.410518
File C:\Users\Thanmayi vempala\OneDrive\Desktop\DJANGOO\myProject\myVenv\Lib\site-packages\django\db\models\sql\where.py first seen with mtime 1722626591.0167804
File C:\Users\Thanmayi vempala\AppData\Local\Programs\Python\Python312\Lib\asyncio\windows_utils.py first seen with mtime 1712654418.0
File C:\Users\Thanmayi vempala\OneDrive\Desktop\DJANGOO\myProject\myVenv\Lib\site-packages\django\core\management\commands\__init__.py first seen with mtime 1722626590.7322817
File C:\Users\Thanmayi vempala\AppData\Local\Programs\Python\Python312\Lib\email\encoders.py first seen with mtime 1712654418.0
File C:\Users\Thanmayi vempala\AppData\Local\Programs\Python\Python312\Lib\email\mime\nonmultipart.py first seen with mtime 1712654418.0
File C:\Users\Thanmayi vempala\AppData\Local\Programs\Python\Python312\Lib\operator.py first seen with mtime 1712654418.0
File C:\Users\Thanmayi vempala\AppData\Local\Programs\Python\Python312\Lib\asyncio\sslproto.py first seen with mtime 1712654418.0
File C:\Users\Thanmayi vempala\OneDrive\Desktop\DJANGOO\myProject\myVenv\Lib\site-packages\django\middleware\cache.py first seen with mtime 1722626591.1931562
File C:\Users\Thanmayi vempala\OneDrive\Desktop\DJANGOO\myProject\myVenv\Lib\site-packages\django\contrib\messages\constants.py first seen with mtime 1722626588.4243448
File C:\Users\Thanmayi vempala\OneDrive\Desktop\DJANGOO\myProject\myVenv\Lib\site-packages\django\utils\numberformat.py first seen with mtime 1722626591.3965132
File C:\Users\Thanmayi vempala\OneDrive\Desktop\DJANGOO\myProject\myVenv\Lib\site-packages\django\core\signing.py first seen with mtime 1722626590.6194136
File C:\Users\Thanmayi vempala\OneDrive\Desktop\DJANGOO\myProject\myVenv\Lib\site-packages\asgiref\sync.py first seen with mtime 1722626581.7359397
File C:\Users\Thanmayi vempala\OneDrive\Desktop\DJANGOO\myProject\myVenv\Lib\site-packages\django\db\models\sql\constants.py first seen with mtime 1722626591.0007899
File C:\Users\Thanmayi vempala\AppData\Local\Programs\Python\Python312\Lib\asyncio\mixins.py first seen with mtime 1712654418.0
File C:\Users\Thanmayi vempala\OneDrive\Desktop\DJANGOO\myProject\myVenv\Lib\site-packages\django\contrib\contenttypes\__init__.py first seen with mtime 1722626586.1119118
File C:\Users\Thanmayi vempala\OneDrive\Desktop\DJANGOO\myProject\myVenv\Lib\site-packages\django\contrib\messages\apps.py first seen with mtime 1722626588.4233475
File C:\Users\Thanmayi vempala\AppData\Local\Programs\Python\Python312\Lib\email\_parseaddr.py first seen with mtime 1712654418.0
File C:\Users\Thanmayi vempala\OneDrive\Desktop\DJANGOO\myProject\myVenv\Lib\site-packages\django\db\models\options.py first seen with mtime 1722626590.956259
File C:\Users\Thanmayi vempala\AppData\Local\Programs\Python\Python312\Lib\email\mime\message.py first seen with mtime 1712654418.0
File C:\Users\Thanmayi vempala\AppData\Local\Programs\Python\Python312\Lib\encodings\__init__.py first seen with mtime 1712654418.0
File C:\Users\Thanmayi vempala\OneDrive\Desktop\DJANGOO\myProject\myVenv\Lib\site-packages\django\forms\forms.py first seen with mtime 1722626591.0307815
File C:\Users\Thanmayi vempala\OneDrive\Desktop\DJANGOO\myProject\myVenv\Lib\site-packages\django\db\models\lookups.py first seen with mtime 1722626590.9532578
File C:\Users\Thanmayi vempala\AppData\Local\Programs\Python\Python312\Lib\multiprocessing\process.py first seen with mtime 1712654418.0
File C:\Users\Thanmayi vempala\OneDrive\Desktop\DJANGOO\myProject\myVenv\Lib\site-packages\django\contrib\admin\widgets.py first seen with mtime 1722626583.0896668
File C:\Users\Thanmayi vempala\AppData\Local\Programs\Python\Python312\Lib\_weakrefset.py first seen with mtime 1712654418.0
File C:\Users\Thanmayi vempala\OneDrive\Desktop\DJANGOO\myProject\myVenv\Lib\site-packages\django\db\models\sql\datastructures.py first seen with mtime 1722626591.0017927
File C:\Users\Thanmayi vempala\OneDrive\Desktop\DJANGOO\myProject\myVenv\Lib\site-packages\django\utils\timezone.py first seen with mtime 1722626591.407514
File C:\Users\Thanmayi vempala\OneDrive\Desktop\DJANGOO\myProject\myVenv\Lib\site-packages\django\core\cache\backends\base.py first seen with mtime 1722626590.6287503
File C:\Users\Thanmayi vempala\OneDrive\Desktop\DJANGOO\myProject\myVenv\Lib\site-packages\django\core\management\base.py first seen with mtime 1722626590.725278
File C:\Users\Thanmayi vempala\AppData\Local\Programs\Python\Python312\Lib\glob.py first seen with mtime 1712654418.0
File C:\Users\Thanmayi vempala\AppData\Local\Programs\Python\Python312\Lib\asyncio\timeouts.py first seen with mtime 1712654418.0
File C:\Users\Thanmayi vempala\AppData\Local\Programs\Python\Python312\Lib\logging\__init__.py first seen with mtime 1712654418.0
File C:\Users\Thanmayi vempala\OneDrive\Desktop\DJANGOO\myProject\myVenv\Lib\site-packages\sqlparse\engine\__init__.py first seen with mtime 1722626580.9759738
File C:\Users\Thanmayi vempala\OneDrive\Desktop\DJANGOO\myProject\myVenv\Lib\site-packages\django\core\checks\security\sessions.py first seen with mtime 1722626590.662761
File C:\Users\Thanmayi vempala\AppData\Local\Programs\Python\Python312\Lib\_markupbase.py first seen with mtime 1712654418.0
File C:\Users\Thanmayi vempala\OneDrive\Desktop\DJANGOO\myProject\myVenv\Lib\site-packages\django\contrib\admin\decorators.py first seen with mtime 1722626583.0682628
File C:\Users\Thanmayi vempala\OneDrive\Desktop\DJANGOO\myProject\myVenv\Lib\site-packages\django\contrib\auth\validators.py first seen with mtime 1722626585.5137427
File C:\Users\Thanmayi vempala\OneDrive\Desktop\DJANGOO\myProject\myVenv\Lib\site-packages\django\contrib\staticfiles\checks.py first seen with mtime 1722626590.587411
File C:\Users\Thanmayi vempala\OneDrive\Desktop\DJANGOO\myProject\myVenv\Lib\site-packages\django\core\checks\templates.py first seen with mtime 1722626590.6507695
File C:\Users\Thanmayi vempala\AppData\Local\Programs\Python\Python312\Lib\asyncio\locks.py first seen with mtime 1712654418.0
File C:\Users\Thanmayi vempala\OneDrive\Desktop\DJANGOO\myProject\myVenv\Lib\site-packages\django\views\static.py first seen with mtime 1722626591.4285223
File C:\Users\Thanmayi vempala\OneDrive\Desktop\DJANGOO\myProject\myVenv\Lib\site-packages\django\core\checks\translation.py first seen with mtime 1722626590.6517692
File C:\Users\Thanmayi vempala\OneDrive\Desktop\DJANGOO\myProject\myVenv\Lib\site-packages\django\urls\utils.py first seen with mtime 1722626591.3166938
File C:\Users\Thanmayi vempala\OneDrive\Desktop\DJANGOO\myProject\myVenv\Lib\site-packages\django\db\backends\sqlite3\base.py first seen with mtime 1722626590.8822486
File C:\Users\Thanmayi vempala\AppData\Local\Programs\Python\Python312\DLLs\_zoneinfo.pyd first seen with mtime 1712654462.0
File C:\Users\Thanmayi vempala\OneDrive\Desktop\DJANGOO\myProject\myVenv\Lib\site-packages\django\db\models\constraints.py first seen with mtime 1722626590.946249
File C:\Users\Thanmayi vempala\OneDrive\Desktop\DJANGOO\myProject\myVenv\Lib\site-packages\django\db\backends\sqlite3\_functions.py first seen with mtime 1722626590.880251
File C:\Users\Thanmayi vempala\OneDrive\Desktop\DJANGOO\myProject\myVenv\Lib\site-packages\django\contrib\auth\hashers.py first seen with mtime 1722626585.5037484
File C:\Users\Thanmayi vempala\OneDrive\Desktop\DJANGOO\myProject\myVenv\Lib\site-packages\django\template\backends\django.py first seen with mtime 1722626591.2411554
File C:\Users\Thanmayi vempala\AppData\Local\Programs\Python\Python312\Lib\json\decoder.py first seen with mtime 1712654418.0
File C:\Users\Thanmayi vempala\AppData\Local\Programs\Python\Python312\Lib\dis.py first seen with mtime 1712654418.0
File C:\Users\Thanmayi vempala\OneDrive\Desktop\DJANGOO\myProject\myVenv\Lib\site-packages\django\forms\models.py first seen with mtime 1722626591.034788
File C:\Users\Thanmayi vempala\AppData\Local\Programs\Python\Python312\Lib\argparse.py first seen with mtime 1712654418.0
File C:\Users\Thanmayi vempala\AppData\Local\Programs\Python\Python312\Lib\logging\handlers.py first seen with mtime 1712654418.0
File C:\Users\Thanmayi vempala\OneDrive\Desktop\DJANGOO\myProject\myVenv\Lib\site-packages\django\utils\datastructures.py first seen with mtime 1722626591.3578224
File C:\Users\Thanmayi vempala\OneDrive\Desktop\DJANGOO\myProject\myVenv\Lib\site-packages\django\core\handlers\wsgi.py first seen with mtime 1722626590.7042797
File C:\Users\Thanmayi vempala\OneDrive\Desktop\DJANGOO\myProject\myVenv\Lib\site-packages\django\core\checks\security\base.py first seen with mtime 1722626590.6597672
File C:\Users\Thanmayi vempala\AppData\Local\Programs\Python\Python312\Lib\email\generator.py first seen with mtime 1712654418.0
File C:\Users\Thanmayi vempala\OneDrive\Desktop\DJANGOO\myProject\myVenv\Lib\site-packages\django\template\utils.py first seen with mtime 1722626591.2351558
File C:\Users\Thanmayi vempala\OneDrive\Desktop\DJANGOO\myProject\myVenv\Lib\site-packages\django\urls\__init__.py first seen with mtime 1722626591.305693
File C:\Users\Thanmayi vempala\AppData\Local\Programs\Python\Python312\Lib\asyncio\subprocess.py first seen with mtime 1712654418.0
File C:\Users\Thanmayi vempala\OneDrive\Desktop\DJANGOO\myProject\myVenv\Lib\site-packages\sqlparse\tokens.py first seen with mtime 1722626580.9729724
File C:\Users\Thanmayi vempala\AppData\Local\Programs\Python\Python312\Lib\asyncio\base_futures.py first seen with mtime 1712654418.0
File C:\Users\Thanmayi vempala\OneDrive\Desktop\DJANGOO\myProject\myVenv\Lib\site-packages\django\contrib\admin\sites.py first seen with mtime 1722626583.0816586
File C:\Users\Thanmayi vempala\OneDrive\Desktop\DJANGOO\myProject\myVenv\Lib\site-packages\sqlparse\sql.py first seen with mtime 1722626580.9709694
File C:\Users\Thanmayi vempala\OneDrive\Desktop\DJANGOO\myProject\myVenv\Lib\site-packages\django\contrib\auth\signals.py first seen with mtime 1722626585.5107498
File C:\Users\Thanmayi vempala\OneDrive\Desktop\DJANGOO\myProject\myVenv\Lib\site-packages\django\template\engine.py first seen with mtime 1722626591.225176
File C:\Users\Thanmayi vempala\OneDrive\Desktop\DJANGOO\myProject\myVenv\Lib\site-packages\django\db\migrations\state.py first seen with mtime 1722626590.9232519
File C:\Users\Thanmayi vempala\AppData\Local\Programs\Python\Python312\Lib\email\mime\__init__.py first seen with mtime 1712654418.0
File C:\Users\Thanmayi vempala\OneDrive\Desktop\DJANGOO\myProject\myVenv\Lib\site-packages\sqlparse\filters\others.py first seen with mtime 1722626580.9839766
File C:\Users\Thanmayi vempala\OneDrive\Desktop\DJANGOO\myProject\myVenv\Lib\site-packages\django\contrib\admin\models.py first seen with mtime 1722626583.0772767
File C:\Users\Thanmayi vempala\AppData\Local\Programs\Python\Python312\Lib\contextvars.py first seen with mtime 1712654418.0
File C:\Users\Thanmayi vempala\OneDrive\Desktop\DJANGOO\myProject\myVenv\Lib\site-packages\django\core\servers\basehttp.py first seen with mtime 1722626590.7882938
File C:\Users\Thanmayi vempala\OneDrive\Desktop\DJANGOO\myProject\myVenv\Lib\site-packages\django\db\backends\sqlite3\introspection.py first seen with mtime 1722626590.8892462
File C:\Users\Thanmayi vempala\AppData\Local\Programs\Python\Python312\Lib\email\_encoded_words.py first seen with mtime 1712654418.0
File C:\Users\Thanmayi vempala\AppData\Local\Programs\Python\Python312\Lib\email\mime\multipart.py first seen with mtime 1712654418.0
File C:\Users\Thanmayi vempala\AppData\Local\Programs\Python\Python312\Lib\ctypes\__init__.py first seen with mtime 1712654418.0
File C:\Users\Thanmayi vempala\OneDrive\Desktop\DJANGOO\myProject\myVenv\Lib\site-packages\django\template\loaders\app_directories.py first seen with mtime 1722626591.266694
File C:\Users\Thanmayi vempala\OneDrive\Desktop\DJANGOO\myProject\myVenv\Lib\site-packages\django\template\loader_tags.py first seen with mtime 1722626591.2301593
File C:\Users\Thanmayi vempala\OneDrive\Desktop\DJANGOO\myProject\myVenv\Lib\site-packages\django\core\handlers\asgi.py first seen with mtime 1722626590.6952796
File C:\Users\Thanmayi vempala\OneDrive\Desktop\DJANGOO\myProject\myVenv\Lib\site-packages\django\conf\__init__.py first seen with mtime 1722626582.1503813
File C:\Users\Thanmayi vempala\OneDrive\Desktop\DJANGOO\myProject\myVenv\Lib\site-packages\django\db\models\functions\__init__.py first seen with mtime 1722626590.9857786
File C:\Users\Thanmayi vempala\OneDrive\Desktop\DJANGOO\myProject\myVenv\Lib\site-packages\django\utils\http.py first seen with mtime 1722626591.3855164
File C:\Users\Thanmayi vempala\AppData\Local\Programs\Python\Python312\Lib\enum.py first seen with mtime 1712654418.0
File C:\Users\Thanmayi vempala\OneDrive\Desktop\DJANGOO\myProject\myVenv\Lib\site-packages\django\core\checks\files.py first seen with mtime 1722626590.6457498
File C:\Users\Thanmayi vempala\OneDrive\Desktop\DJANGOO\myProject\myVenv\Lib\site-packages\django\template\defaulttags.py first seen with mtime 1722626591.2231734
File C:\Users\Thanmayi vempala\OneDrive\Desktop\DJANGOO\myProject\myVenv\Lib\site-packages\django\contrib\contenttypes\models.py first seen with mtime 1722626586.1269145
File C:\Users\Thanmayi vempala\OneDrive\Desktop\DJANGOO\myProject\myVenv\Lib\site-packages\django\template\loaders\filesystem.py first seen with mtime 1722626591.2716908
File C:\Users\Thanmayi vempala\OneDrive\Desktop\DJANGOO\myProject\myVenv\Lib\site-packages\django\db\models\functions\window.py first seen with mtime 1722626590.9947786
File C:\Users\Thanmayi vempala\AppData\Local\Programs\Python\Python312\Lib\ssl.py first seen with mtime 1712654418.0
File C:\Users\Thanmayi vempala\AppData\Local\Programs\Python\Python312\Lib\platform.py first seen with mtime 1712654418.0
File C:\Users\Thanmayi vempala\AppData\Local\Programs\Python\Python312\Lib\multiprocessing\__init__.py first seen with mtime 1712654418.0
File C:\Users\Thanmayi vempala\AppData\Local\Programs\Python\Python312\DLLs\_queue.pyd first seen with mtime 1712654462.0
File C:\Users\Thanmayi vempala\OneDrive\Desktop\DJANGOO\myProject\myVenv\Lib\site-packages\django\utils\log.py first seen with mtime 1722626591.3925135
File C:\Users\Thanmayi vempala\OneDrive\Desktop\DJANGOO\myProject\myVenv\Lib\site-packages\django\db\backends\base\__init__.py first seen with mtime 1722626590.800294
File C:\Users\Thanmayi vempala\AppData\Local\Programs\Python\Python312\Lib\_compat_pickle.py first seen with mtime 1712654418.0
File C:\Users\Thanmayi vempala\OneDrive\Desktop\DJANGOO\myProject\myVenv\Lib\site-packages\django\contrib\admin\templatetags\admin_list.py first seen with mtime 1722626584.7507255
File C:\Users\Thanmayi vempala\OneDrive\Desktop\DJANGOO\myProject\myVenv\Lib\site-packages\django\contrib\auth\management\__init__.py first seen with mtime 1722626586.0601566
File C:\Users\Thanmayi vempala\OneDrive\Desktop\DJANGOO\myProject\myVenv\Lib\site-packages\django\views\generic\__init__.py first seen with mtime 1722626591.4435143
File C:\Users\Thanmayi vempala\OneDrive\Desktop\DJANGOO\myProject\myVenv\Lib\site-packages\django\core\wsgi.py first seen with mtime 1722626590.6224124
File C:\Users\Thanmayi vempala\AppData\Local\Programs\Python\Python312\Lib\gzip.py first seen with mtime 1712654418.0
File C:\Users\Thanmayi vempala\AppData\Local\Programs\Python\Python312\Lib\urllib\__init__.py first seen with mtime 1712654418.0
File C:\Users\Thanmayi vempala\OneDrive\Desktop\DJANGOO\myProject\myVenv\Lib\site-packages\sqlparse\filters\__init__.py first seen with mtime 1722626580.9809725
File C:\Users\Thanmayi vempala\OneDrive\Desktop\DJANGOO\myProject\myVenv\Lib\site-packages\django\db\models\query_utils.py first seen with mtime 1722626590.959257
File C:\Users\Thanmayi vempala\OneDrive\Desktop\DJANGOO\myProject\myVenv\Lib\site-packages\django\core\handlers\exception.py first seen with mtime 1722626590.7022982
File C:\Users\Thanmayi vempala\AppData\Local\Programs\Python\Python312\Lib\functools.py first seen with mtime 1712654418.0
File C:\Users\Thanmayi vempala\OneDrive\Desktop\DJANGOO\myProject\myVenv\Lib\site-packages\sqlparse\filters\aligned_indent.py first seen with mtime 1722626580.9829812
File C:\Users\Thanmayi vempala\AppData\Local\Programs\Python\Python312\Lib\asyncio\selector_events.py first seen with mtime 1712654418.0
File C:\Users\Thanmayi vempala\OneDrive\Desktop\DJANGOO\myProject\myVenv\Lib\site-packages\django\views\generic\detail.py first seen with mtime 1722626591.448513
File C:\Users\Thanmayi vempala\OneDrive\Desktop\DJANGOO\myProject\myVenv\Lib\site-packages\django\contrib\staticfiles\finders.py first seen with mtime 1722626590.5894103
File C:\Users\Thanmayi vempala\OneDrive\Desktop\DJANGOO\myProject\myVenv\Lib\site-packages\django\core\management\color.py first seen with mtime 1722626590.7262938
File C:\Users\Thanmayi vempala\OneDrive\Desktop\DJANGOO\myProject\myVenv\Lib\site-packages\django\utils\dates.py first seen with mtime 1722626591.3673353
File C:\Users\Thanmayi vempala\AppData\Local\Programs\Python\Python312\Lib\numbers.py first seen with mtime 1712654418.0
File C:\Users\Thanmayi vempala\OneDrive\Desktop\DJANGOO\myProject\myVenv\Lib\site-packages\django\db\models\indexes.py first seen with mtime 1722626590.9522579
File C:\Users\Thanmayi vempala\OneDrive\Desktop\DJANGOO\myProject\myVenv\Lib\site-packages\django\utils\itercompat.py first seen with mtime 1722626591.3895113
File C:\Users\Thanmayi vempala\OneDrive\Desktop\DJANGOO\myProject\myVenv\Lib\site-packages\django\contrib\admin\views\autocomplete.py first seen with mtime 1722626584.7782366
File C:\Users\Thanmayi vempala\OneDrive\Desktop\DJANGOO\myProject\myApp\apps.py first seen with mtime 1722611756.935257
File C:\Users\Thanmayi vempala\AppData\Local\Programs\Python\Python312\Lib\asyncio\log.py first seen with mtime 1712654418.0
File C:\Users\Thanmayi vempala\OneDrive\Desktop\DJANGOO\myProject\myVenv\Lib\site-packages\django\contrib\staticfiles\utils.py first seen with mtime 1722626590.596413
File C:\Users\Thanmayi vempala\AppData\Local\Programs\Python\Python312\Lib\http\__init__.py first seen with mtime 1712654418.0
File C:\Users\Thanmayi vempala\OneDrive\Desktop\DJANGOO\myProject\myVenv\Lib\site-packages\django\core\servers\__init__.py first seen with mtime 1722626590.7873147
File C:\Users\Thanmayi vempala\OneDrive\Desktop\DJANGOO\myProject\myVenv\Lib\site-packages\sqlparse\filters\reindent.py first seen with mtime 1722626580.9869692
File C:\Users\Thanmayi vempala\OneDrive\Desktop\DJANGOO\myProject\myVenv\Lib\site-packages\django\db\models\base.py first seen with mtime 1722626590.9432495
File C:\Users\Thanmayi vempala\OneDrive\Desktop\DJANGOO\myProject\myVenv\Lib\site-packages\django\db\backends\utils.py first seen with mtime 1722626590.798297
File C:\Users\Thanmayi vempala\AppData\Local\Programs\Python\Python312\Lib\socket.py first seen with mtime 1712654418.0
File C:\Users\Thanmayi vempala\OneDrive\Desktop\DJANGOO\myProject\myVenv\Lib\site-packages\django\contrib\admin\views\__init__.py first seen with mtime 1722626584.776239
File C:\Users\Thanmayi vempala\AppData\Local\Programs\Python\Python312\Lib\calendar.py first seen with mtime 1712654418.0
File C:\Users\Thanmayi vempala\OneDrive\Desktop\DJANGOO\myProject\myVenv\Lib\site-packages\django\contrib\admin\exceptions.py first seen with mtime 1722626583.0702558
File C:\Users\Thanmayi vempala\OneDrive\Desktop\DJANGOO\myProject\myVenv\Lib\site-packages\django\utils\lorem_ipsum.py first seen with mtime 1722626591.3935118
File C:\Users\Thanmayi vempala\OneDrive\Desktop\DJANGOO\myProject\myVenv\Lib\site-packages\django\db\models\enums.py first seen with mtime 1722626590.9492495
File C:\Users\Thanmayi vempala\AppData\Local\Programs\Python\Python312\Lib\weakref.py first seen with mtime 1712654418.0
File C:\Users\Thanmayi vempala\AppData\Local\Programs\Python\Python312\Lib\zoneinfo\_tzpath.py first seen with mtime 1712654418.0
File C:\Users\Thanmayi vempala\OneDrive\Desktop\DJANGOO\myProject\myVenv\Lib\site-packages\django\contrib\sessions\apps.py first seen with mtime 1722626589.408915
File C:\Users\Thanmayi vempala\OneDrive\Desktop\DJANGOO\myProject\myVenv\Lib\site-packages\django\apps\__init__.py first seen with mtime 1722626582.1433685
File C:\Users\Thanmayi vempala\OneDrive\Desktop\DJANGOO\myProject\myVenv\Lib\site-packages\django\contrib\admin\filters.py first seen with mtime 1722626583.0712588
File C:\Users\Thanmayi vempala\OneDrive\Desktop\DJANGOO\myProject\myVenv\Lib\site-packages\django\core\serializers\__init__.py first seen with mtime 1722626590.7738156
File C:\Users\Thanmayi vempala\OneDrive\Desktop\DJANGOO\myProject\myVenv\Lib\site-packages\django\contrib\admin\actions.py first seen with mtime 1722626583.0622554
File C:\Users\Thanmayi vempala\AppData\Local\Programs\Python\Python312\DLLs\_hashlib.pyd first seen with mtime 1712654462.0
File C:\Users\Thanmayi vempala\OneDrive\Desktop\DJANGOO\myProject\myVenv\Lib\site-packages\django\utils\_os.py first seen with mtime 1722626591.3186915
File C:\Users\Thanmayi vempala\AppData\Local\Programs\Python\Python312\Lib\email\policy.py first seen with mtime 1712654418.0
File C:\Users\Thanmayi vempala\OneDrive\Desktop\DJANGOO\myProject\myVenv\Lib\site-packages\sqlparse\exceptions.py first seen with mtime 1722626580.9649725
File C:\Users\Thanmayi vempala\OneDrive\Desktop\DJANGOO\myProject\myVenv\Lib\site-packages\django\core\files\__init__.py first seen with mtime 1722626590.6637614
File C:\Users\Thanmayi vempala\OneDrive\Desktop\DJANGOO\myProject\myVenv\Lib\site-packages\django\utils\regex_helper.py first seen with mtime 1722626591.400514
File C:\Users\Thanmayi vempala\OneDrive\Desktop\DJANGOO\myProject\myVenv\Lib\site-packages\asgiref\__init__.py first seen with mtime 1722626581.722951
File C:\Users\Thanmayi vempala\OneDrive\Desktop\DJANGOO\myProject\myVenv\Lib\site-packages\django\http\cookie.py first seen with mtime 1722626591.1850011
File C:\Users\Thanmayi vempala\OneDrive\Desktop\DJANGOO\myProject\myVenv\Lib\site-packages\sqlparse\engine\filter_stack.py first seen with mtime 1722626580.976971
File C:\Users\Thanmayi vempala\AppData\Local\Programs\Python\Python312\Lib\urllib\error.py first seen with mtime 1712654418.0
File C:\Users\Thanmayi vempala\OneDrive\Desktop\DJANGOO\myProject\myVenv\Lib\site-packages\django\core\cache\__init__.py first seen with mtime 1722626590.624742
File C:\Users\Thanmayi vempala\OneDrive\Desktop\DJANGOO\myProject\myVenv\Lib\site-packages\django\template\backends\__init__.py first seen with mtime 1722626591.237156
File C:\Users\Thanmayi vempala\AppData\Local\Programs\Python\Python312\Lib\difflib.py first seen with mtime 1712654418.0
File C:\Users\Thanmayi vempala\OneDrive\Desktop\DJANGOO\myProject\myVenv\Lib\site-packages\django\contrib\admin\options.py first seen with mtime 1722626583.0792534
File C:\Users\Thanmayi vempala\OneDrive\Desktop\DJANGOO\myProject\myVenv\Lib\site-packages\django\core\validators.py first seen with mtime 1722626590.621414
File C:\Users\Thanmayi vempala\OneDrive\Desktop\DJANGOO\myProject\myVenv\Lib\site-packages\django\db\backends\sqlite3\features.py first seen with mtime 1722626590.8872464
File C:\Users\Thanmayi vempala\OneDrive\Desktop\DJANGOO\myProject\myVenv\Lib\site-packages\django\db\backends\base\base.py first seen with mtime 1722626590.8013058
File C:\Users\Thanmayi vempala\OneDrive\Desktop\DJANGOO\myProject\myVenv\Lib\site-packages\django\db\backends\sqlite3\creation.py first seen with mtime 1722626590.884253
File C:\Users\Thanmayi vempala\OneDrive\Desktop\DJANGOO\myProject\myVenv\Lib\site-packages\django\core\checks\compatibility\django_4_0.py first seen with mtime 1722626590.6567616
File C:\Users\Thanmayi vempala\OneDrive\Desktop\DJANGOO\myProject\myVenv\Lib\site-packages\django\utils\decorators.py first seen with mtime 1722626591.3704648
File C:\Users\Thanmayi vempala\AppData\Local\Programs\Python\Python312\Lib\ipaddress.py first seen with mtime 1712654418.0
File C:\Users\Thanmayi vempala\OneDrive\Desktop\DJANGOO\myProject\myVenv\Lib\site-packages\django\utils\functional.py first seen with mtime 1722626591.3814533
File C:\Users\Thanmayi vempala\OneDrive\Desktop\DJANGOO\myProject\myVenv\Lib\site-packages\django\core\files\storage\filesystem.py first seen with mtime 1722626590.6872816
File C:\Users\Thanmayi vempala\OneDrive\Desktop\DJANGOO\myProject\myVenv\Lib\site-packages\django\contrib\auth\models.py first seen with mtime 1722626585.5077434
File C:\Users\Thanmayi vempala\AppData\Local\Programs\Python\Python312\DLLs\_socket.pyd first seen with mtime 1712654462.0
File C:\Users\Thanmayi vempala\OneDrive\Desktop\DJANGOO\myProject\myVenv\Lib\site-packages\django\templatetags\tz.py first seen with mtime 1722626591.2816906
File C:\Users\Thanmayi vempala\OneDrive\Desktop\DJANGOO\myProject\myVenv\Lib\site-packages\django\apps\registry.py first seen with mtime 1722626582.1483796
File C:\Users\Thanmayi vempala\OneDrive\Desktop\DJANGOO\myProject\myVenv\Lib\site-packages\django\contrib\admin\templatetags\log.py first seen with mtime 1722626584.77524
File C:\Users\Thanmayi vempala\OneDrive\Desktop\DJANGOO\myProject\myVenv\Lib\site-packages\django\db\models\functions\datetime.py first seen with mtime 1722626590.9887793
File C:\Users\Thanmayi vempala\OneDrive\Desktop\DJANGOO\myProject\myVenv\Lib\site-packages\django\contrib\messages\api.py first seen with mtime 1722626588.4213486
File C:\Users\Thanmayi vempala\AppData\Local\Programs\Python\Python312\DLLs\_sqlite3.pyd first seen with mtime 1712654462.0
File C:\Users\Thanmayi vempala\OneDrive\Desktop\DJANGOO\myProject\myVenv\Lib\site-packages\django\core\checks\messages.py first seen with mtime 1722626590.6467543
File C:\Users\Thanmayi vempala\AppData\Local\Programs\Python\Python312\Lib\copy.py first seen with mtime 1712654418.0
File C:\Users\Thanmayi vempala\OneDrive\Desktop\DJANGOO\myProject\myVenv\Lib\site-packages\asgiref\local.py first seen with mtime 1722626581.7289453
File C:\Users\Thanmayi vempala\OneDrive\Desktop\DJANGOO\myProject\myVenv\Lib\site-packages\django\core\files\uploadhandler.py first seen with mtime 1722626590.679278
File C:\Users\Thanmayi vempala\OneDrive\Desktop\DJANGOO\myProject\myApp\views.py first seen with mtime 1722624940.649578
File C:\Users\Thanmayi vempala\OneDrive\Desktop\DJANGOO\myProject\myVenv\Lib\site-packages\django\db\models\expressions.py first seen with mtime 1722626590.9512582
File C:\Users\Thanmayi vempala\OneDrive\Desktop\DJANGOO\myProject\myVenv\Lib\site-packages\django\db\models\fields\json.py first seen with mtime 1722626590.9727871
File C:\Users\Thanmayi vempala\AppData\Local\Programs\Python\Python312\Lib\asyncio\exceptions.py first seen with mtime 1712654418.0
File C:\Users\Thanmayi vempala\OneDrive\Desktop\DJANGOO\myProject\myVenv\Lib\site-packages\django\db\migrations\operations\__init__.py first seen with mtime 1722626590.9282534
File C:\Users\Thanmayi vempala\OneDrive\Desktop\DJANGOO\myProject\myVenv\Lib\site-packages\sqlparse\engine\statement_splitter.py first seen with mtime 1722626580.9789786
File C:\Users\Thanmayi vempala\OneDrive\Desktop\DJANGOO\myProject\myVenv\Lib\site-packages\django\db\models\fields\related.py first seen with mtime 1722626590.978793
File C:\Users\Thanmayi vempala\OneDrive\Desktop\DJANGOO\myProject\myVenv\Lib\site-packages\django\views\i18n.py first seen with mtime 1722626591.4265144
File C:\Users\Thanmayi vempala\AppData\Local\Programs\Python\Python312\Lib\struct.py first seen with mtime 1712654418.0
File C:\Users\Thanmayi vempala\AppData\Local\Programs\Python\Python312\Lib\urllib\parse.py first seen with mtime 1712654418.0
File C:\Users\Thanmayi vempala\AppData\Local\Programs\Python\Python312\Lib\email\_header_value_parser.py first seen with mtime 1712654418.0
File C:\Users\Thanmayi vempala\AppData\Local\Programs\Python\Python312\Lib\asyncio\constants.py first seen with mtime 1712654418.0
File C:\Users\Thanmayi vempala\OneDrive\Desktop\DJANGOO\myProject\myVenv\Lib\site-packages\django\db\backends\__init__.py first seen with mtime 1722626590.7942915
File C:\Users\Thanmayi vempala\OneDrive\Desktop\DJANGOO\myProject\myVenv\Lib\site-packages\django\contrib\auth\base_user.py first seen with mtime 1722626585.489742
File C:\Users\Thanmayi vempala\OneDrive\Desktop\DJANGOO\myProject\myVenv\Lib\site-packages\django\contrib\admin\apps.py first seen with mtime 1722626583.0642607
File C:\Users\Thanmayi vempala\OneDrive\Desktop\DJANGOO\myProject\myVenv\Lib\site-packages\django\contrib\sessions\base_session.py first seen with mtime 1722626589.4179142
File C:\Users\Thanmayi vempala\AppData\Local\Programs\Python\Python312\Lib\collections\__init__.py first seen with mtime 1712654418.0
File C:\Users\Thanmayi vempala\OneDrive\Desktop\DJANGOO\myProject\myVenv\Lib\site-packages\django\core\mail\__init__.py first seen with mtime 1722626590.7072873
File C:\Users\Thanmayi vempala\AppData\Local\Programs\Python\Python312\DLLs\_uuid.pyd first seen with mtime 1712654462.0
File C:\Users\Thanmayi vempala\AppData\Local\Programs\Python\Python312\Lib\asyncio\tasks.py first seen with mtime 1712654418.0
File C:\Users\Thanmayi vempala\OneDrive\Desktop\DJANGOO\myProject\myVenv\Lib\site-packages\django\core\checks\registry.py first seen with mtime 1722626590.6497526
File C:\Users\Thanmayi vempala\OneDrive\Desktop\DJANGOO\myProject\myVenv\Lib\site-packages\django\templatetags\l10n.py first seen with mtime 1722626591.278693
File C:\Users\Thanmayi vempala\OneDrive\Desktop\DJANGOO\myProject\myVenv\Lib\site-packages\django\contrib\auth\apps.py first seen with mtime 1722626585.4867425
File C:\Users\Thanmayi vempala\AppData\Local\Programs\Python\Python312\Lib\encodings\cp1252.py first seen with mtime 1712654418.0
File C:\Users\Thanmayi vempala\AppData\Local\Programs\Python\Python312\Lib\re\__init__.py first seen with mtime 1712654418.0
File C:\Users\Thanmayi vempala\AppData\Local\Programs\Python\Python312\Lib\linecache.py first seen with mtime 1712654418.0
File C:\Users\Thanmayi vempala\AppData\Local\Programs\Python\Python312\Lib\bisect.py first seen with mtime 1712654418.0
File C:\Users\Thanmayi vempala\AppData\Local\Programs\Python\Python312\Lib\re\_constants.py first seen with mtime 1712654418.0
File C:\Users\Thanmayi vempala\AppData\Local\Programs\Python\Python312\Lib\importlib\__init__.py first seen with mtime 1712654418.0
File C:\Users\Thanmayi vempala\OneDrive\Desktop\DJANGOO\myProject\myVenv\Lib\site-packages\django\core\exceptions.py first seen with mtime 1722626590.6124141
File C:\Users\Thanmayi vempala\OneDrive\Desktop\DJANGOO\myProject\myVenv\Lib\site-packages\django\core\files\images.py first seen with mtime 1722626590.6672804
File C:\Users\Thanmayi vempala\AppData\Local\Programs\Python\Python312\Lib\signal.py first seen with mtime 1712654418.0
File C:\Users\Thanmayi vempala\AppData\Local\Programs\Python\Python312\Lib\wsgiref\util.py first seen with mtime 1712654418.0
File C:\Users\Thanmayi vempala\AppData\Local\Programs\Python\Python312\DLLs\_decimal.pyd first seen with mtime 1712654462.0
File C:\Users\Thanmayi vempala\AppData\Local\Programs\Python\Python312\Lib\encodings\utf_8.py first seen with mtime 1712654418.0
File C:\Users\Thanmayi vempala\AppData\Local\Programs\Python\Python312\Lib\email\contentmanager.py first seen with mtime 1712654418.0
File C:\Users\Thanmayi vempala\OneDrive\Desktop\DJANGOO\myProject\myVenv\Lib\site-packages\django\db\models\functions\mixins.py first seen with mtime 1722626590.9917784
File C:\Users\Thanmayi vempala\AppData\Local\Programs\Python\Python312\DLLs\_wmi.pyd first seen with mtime 1712654462.0
File C:\Users\Thanmayi vempala\OneDrive\Desktop\DJANGOO\myProject\myVenv\Lib\site-packages\django\db\backends\base\validation.py first seen with mtime 1722626590.8142936
File C:\Users\Thanmayi vempala\OneDrive\Desktop\DJANGOO\myProject\myVenv\Lib\site-packages\django\utils\dateformat.py first seen with mtime 1722626591.3628206
File C:\Users\Thanmayi vempala\AppData\Local\Programs\Python\Python312\Lib\asyncio\streams.py first seen with mtime 1712654418.0
File C:\Users\Thanmayi vempala\AppData\Local\Programs\Python\Python312\DLLs\_ssl.pyd first seen with mtime 1712654462.0
File C:\Users\Thanmayi vempala\AppData\Local\Programs\Python\Python312\Lib\re\_compiler.py first seen with mtime 1712654418.0
File C:\Users\Thanmayi vempala\AppData\Local\Programs\Python\Python312\Lib\concurrent\futures\thread.py first seen with mtime 1712654418.0
File C:\Users\Thanmayi vempala\OneDrive\Desktop\DJANGOO\myProject\myVenv\Lib\site-packages\django\core\files\uploadedfile.py first seen with mtime 1722626590.6772783
File C:\Users\Thanmayi vempala\AppData\Local\Programs\Python\Python312\Lib\tokenize.py first seen with mtime 1712654418.0
File C:\Users\Thanmayi vempala\OneDrive\Desktop\DJANGOO\myProject\myVenv\Lib\site-packages\django\db\models\functions\text.py first seen with mtime 1722626590.9937792
File C:\Users\Thanmayi vempala\OneDrive\Desktop\DJANGOO\myProject\myVenv\Lib\site-packages\django\core\files\utils.py first seen with mtime 1722626590.680287
File C:\Users\Thanmayi vempala\OneDrive\Desktop\DJANGOO\myProject\myVenv\Lib\site-packages\django\contrib\sessions\models.py first seen with mtime 1722626589.4279163
File C:\Users\Thanmayi vempala\AppData\Local\Programs\Python\Python312\Lib\asyncio\__init__.py first seen with mtime 1712654418.0
File C:\Users\Thanmayi vempala\OneDrive\Desktop\DJANGOO\myProject\myVenv\Lib\site-packages\django\utils\deconstruct.py first seen with mtime 1722626591.3694527
File C:\Users\Thanmayi vempala\OneDrive\Desktop\DJANGOO\myProject\myVenv\Lib\site-packages\django\__init__.py first seen with mtime 1722626582.1353712
File C:\Users\Thanmayi vempala\OneDrive\Desktop\DJANGOO\myProject\myVenv\Lib\site-packages\django\core\checks\__init__.py first seen with mtime 1722626590.6407497
File C:\Users\Thanmayi vempala\OneDrive\Desktop\DJANGOO\myProject\myVenv\Lib\site-packages\django\utils\dateparse.py first seen with mtime 1722626591.3638217
File C:\Users\Thanmayi vempala\OneDrive\Desktop\DJANGOO\myProject\myVenv\Lib\site-packages\django\db\backends\sqlite3\schema.py first seen with mtime 1722626590.892246
File C:\Users\Thanmayi vempala\OneDrive\Desktop\DJANGOO\myProject\myVenv\Lib\site-packages\django\core\cache\utils.py first seen with mtime 1722626590.625751
File C:\Users\Thanmayi vempala\OneDrive\Desktop\DJANGOO\myProject\myVenv\Lib\site-packages\django\db\backends\signals.py first seen with mtime 1722626590.7972953
File C:\Users\Thanmayi vempala\OneDrive\Desktop\DJANGOO\myProject\myVenv\Lib\site-packages\django\contrib\admin\templatetags\__init__.py first seen with mtime 1722626584.7497282
File C:\Users\Thanmayi vempala\OneDrive\Desktop\DJANGOO\myProject\myVenv\Lib\site-packages\django\views\generic\dates.py first seen with mtime 1722626591.4465182
File C:\Users\Thanmayi vempala\OneDrive\Desktop\DJANGOO\myProject\myVenv\Lib\site-packages\django\db\backends\ddl_references.py first seen with mtime 1722626590.7952974
File C:\Users\Thanmayi vempala\AppData\Local\Programs\Python\Python312\Lib\types.py first seen with mtime 1712654418.0
File C:\Users\Thanmayi vempala\AppData\Local\Programs\Python\Python312\Lib\asyncio\windows_events.py first seen with mtime 1712654418.0
File C:\Users\Thanmayi vempala\AppData\Local\Programs\Python\Python312\DLLs\_lzma.pyd first seen with mtime 1712654462.0
File C:\Users\Thanmayi vempala\AppData\Local\Programs\Python\Python312\Lib\json\scanner.py first seen with mtime 1712654418.0
File C:\Users\Thanmayi vempala\OneDrive\Desktop\DJANGOO\myProject\myVenv\Lib\site-packages\django\contrib\admin\helpers.py first seen with mtime 1722626583.0752563
File C:\Users\Thanmayi vempala\OneDrive\Desktop\DJANGOO\myProject\myVenv\Lib\site-packages\django\middleware\__init__.py first seen with mtime 1722626591.1911564
File C:\Users\Thanmayi vempala\OneDrive\Desktop\DJANGOO\myProject\myVenv\Lib\site-packages\django\db\models\aggregates.py first seen with mtime 1722626590.9412463
File C:\Users\Thanmayi vempala\OneDrive\Desktop\DJANGOO\myProject\myVenv\Lib\site-packages\django\contrib\contenttypes\forms.py first seen with mtime 1722626586.1249146
File C:\Users\Thanmayi vempala\OneDrive\Desktop\DJANGOO\myProject\myVenv\Lib\site-packages\django\contrib\admin\checks.py first seen with mtime 1722626583.067269
File C:\Users\Thanmayi vempala\OneDrive\Desktop\DJANGOO\myProject\myVenv\Lib\site-packages\django\utils\autoreload.py first seen with mtime 1722626591.343704
File C:\Users\Thanmayi vempala\OneDrive\Desktop\DJANGOO\myProject\myVenv\Lib\site-packages\django\core\mail\message.py first seen with mtime 1722626590.7082808
File C:\Users\Thanmayi vempala\OneDrive\Desktop\DJANGOO\myProject\myVenv\Lib\site-packages\django\utils\cache.py first seen with mtime 1722626591.3506942
File C:\Users\Thanmayi vempala\OneDrive\Desktop\DJANGOO\myProject\myVenv\Lib\site-packages\django\forms\__init__.py first seen with mtime 1722626591.0257785
File C:\Users\Thanmayi vempala\AppData\Local\Programs\Python\Python312\Lib\email\mime\base.py first seen with mtime 1712654418.0
File C:\Users\Thanmayi vempala\OneDrive\Desktop\DJANGOO\myProject\myVenv\Lib\site-packages\django\template\context.py first seen with mtime 1722626591.2141564
File C:\Users\Thanmayi vempala\OneDrive\Desktop\DJANGOO\myProject\myVenv\Lib\site-packages\django\views\generic\base.py first seen with mtime 1722626591.445512
File C:\Users\Thanmayi vempala\OneDrive\Desktop\DJANGOO\myProject\myVenv\Lib\site-packages\django\utils\translation\trans_real.py first seen with mtime 1722626591.4195147
File C:\Users\Thanmayi vempala\OneDrive\Desktop\DJANGOO\myProject\myVenv\Lib\site-packages\django\core\files\storage\memory.py first seen with mtime 1722626590.690279
File C:\Users\Thanmayi vempala\OneDrive\Desktop\DJANGOO\myProject\myVenv\Lib\site-packages\django\contrib\messages\storage\base.py first seen with mtime 1722626588.4353452
File C:\Users\Thanmayi vempala\OneDrive\Desktop\DJANGOO\myProject\myVenv\Lib\site-packages\django\core\cache\backends\__init__.py first seen with mtime 1722626590.62675
File C:\Users\Thanmayi vempala\OneDrive\Desktop\DJANGOO\myProject\myVenv\Lib\site-packages\django\templatetags\static.py first seen with mtime 1722626591.279691
File C:\Users\Thanmayi vempala\AppData\Local\Programs\Python\Python312\Lib\urllib\response.py first seen with mtime 1712654418.0
File C:\Users\Thanmayi vempala\AppData\Local\Programs\Python\Python312\Lib\sqlite3\__init__.py first seen with mtime 1712654418.0
File C:\Users\Thanmayi vempala\OneDrive\Desktop\DJANGOO\myProject\myVenv\Lib\site-packages\django\core\mail\utils.py first seen with mtime 1722626590.7102988
File C:\Users\Thanmayi vempala\OneDrive\Desktop\DJANGOO\myProject\myVenv\Lib\site-packages\django\utils\encoding.py first seen with mtime 1722626591.3744643
File C:\Users\Thanmayi vempala\OneDrive\Desktop\DJANGOO\myProject\myVenv\Lib\site-packages\django\db\models\manager.py first seen with mtime 1722626590.9542608
File C:\Users\Thanmayi vempala\AppData\Local\Programs\Python\Python312\DLLs\_bz2.pyd first seen with mtime 1712654462.0
File C:\Users\Thanmayi vempala\AppData\Local\Programs\Python\Python312\Lib\uuid.py first seen with mtime 1712654418.0
File C:\Users\Thanmayi vempala\OneDrive\Desktop\DJANGOO\myProject\myVenv\Lib\site-packages\django\urls\base.py first seen with mtime 1722626591.3076973
File C:\Users\Thanmayi vempala\OneDrive\Desktop\DJANGOO\myProject\myVenv\Lib\site-packages\django\contrib\sites\shortcuts.py first seen with mtime 1722626590.0312698
File C:\Users\Thanmayi vempala\AppData\Local\Programs\Python\Python312\Lib\zoneinfo\__init__.py first seen with mtime 1712654418.0
File C:\Users\Thanmayi vempala\AppData\Local\Programs\Python\Python312\Lib\decimal.py first seen with mtime 1712654418.0
File C:\Users\Thanmayi vempala\AppData\Local\Programs\Python\Python312\Lib\fractions.py first seen with mtime 1712654418.0
File C:\Users\Thanmayi vempala\OneDrive\Desktop\DJANGOO\myProject\myVenv\Lib\site-packages\django\templatetags\__init__.py first seen with mtime 1722626591.2746935
File C:\Users\Thanmayi vempala\OneDrive\Desktop\DJANGOO\myProject\myVenv\Lib\site-packages\django\db\migrations\migration.py first seen with mtime 1722626590.9142456
File C:\Users\Thanmayi vempala\AppData\Local\Programs\Python\Python312\Lib\textwrap.py first seen with mtime 1712654418.0
File C:\Users\Thanmayi vempala\OneDrive\Desktop\DJANGOO\myProject\myVenv\Lib\site-packages\django\contrib\auth\tokens.py first seen with mtime 1722626585.5117438
File C:\Users\Thanmayi vempala\OneDrive\Desktop\DJANGOO\myProject\myVenv\Lib\site-packages\sqlparse\filters\tokens.py first seen with mtime 1722626581.0013127
File C:\Users\Thanmayi vempala\OneDrive\Desktop\DJANGOO\myProject\myVenv\Lib\site-packages\django\utils\translation\reloader.py first seen with mtime 1722626591.414512
File C:\Users\Thanmayi vempala\OneDrive\Desktop\DJANGOO\myProject\myVenv\Lib\site-packages\django\db\models\constants.py first seen with mtime 1722626590.9442508
File C:\Users\Thanmayi vempala\OneDrive\Desktop\DJANGOO\myProject\myVenv\Lib\site-packages\django\forms\widgets.py first seen with mtime 1722626591.0397792
File C:\Users\Thanmayi vempala\OneDrive\Desktop\DJANGOO\myProject\myVenv\Lib\site-packages\django\forms\utils.py first seen with mtime 1722626591.037787
File C:\Users\Thanmayi vempala\OneDrive\Desktop\DJANGOO\myProject\myVenv\Lib\site-packages\django\utils\module_loading.py first seen with mtime 1722626591.3955133
File C:\Users\Thanmayi vempala\AppData\Local\Programs\Python\Python312\Lib\asyncio\runners.py first seen with mtime 1712654418.0
File C:\Users\Thanmayi vempala\OneDrive\Desktop\DJANGOO\myProject\myVenv\Lib\site-packages\django\http\request.py first seen with mtime 1722626591.1881578
File C:\Users\Thanmayi vempala\OneDrive\Desktop\DJANGOO\myProject\myVenv\Lib\site-packages\django\core\checks\async_checks.py first seen with mtime 1722626590.6417565
File C:\Users\Thanmayi vempala\AppData\Local\Programs\Python\Python312\Lib\getpass.py first seen with mtime 1712654418.0
File C:\Users\Thanmayi vempala\AppData\Local\Programs\Python\Python312\Lib\subprocess.py first seen with mtime 1712654418.0
File C:\Users\Thanmayi vempala\OneDrive\Desktop\DJANGOO\myProject\myVenv\Lib\site-packages\django\core\files\locks.py first seen with mtime 1722626590.6682785
File C:\Users\Thanmayi vempala\OneDrive\Desktop\DJANGOO\myProject\myVenv\Lib\site-packages\django\utils\safestring.py first seen with mtime 1722626591.4025137
File C:\Users\Thanmayi vempala\AppData\Local\Programs\Python\Python312\Lib\asyncio\base_subprocess.py first seen with mtime 1712654418.0
File C:\Users\Thanmayi vempala\OneDrive\Desktop\DJANGOO\myProject\myVenv\Lib\site-packages\django\db\models\signals.py first seen with mtime 1722626590.961257
File C:\Users\Thanmayi vempala\AppData\Local\Programs\Python\Python312\DLLs\unicodedata.pyd first seen with mtime 1712654462.0
File C:\Users\Thanmayi vempala\OneDrive\Desktop\DJANGOO\myProject\myVenv\Lib\site-packages\django\contrib\staticfiles\management\commands\__init__.py first seen with mtime 1722626590.6004126
File C:\Users\Thanmayi vempala\OneDrive\Desktop\DJANGOO\myProject\myVenv\Lib\site-packages\sqlparse\__init__.py first seen with mtime 1722626580.9609704
File C:\Users\Thanmayi vempala\OneDrive\Desktop\DJANGOO\myProject\myVenv\Lib\site-packages\django\utils\asyncio.py first seen with mtime 1722626591.3416977
File C:\Users\Thanmayi vempala\OneDrive\Desktop\DJANGOO\myProject\myVenv\Lib\site-packages\django\core\checks\security\csrf.py first seen with mtime 1722626590.6607606
File C:\Users\Thanmayi vempala\AppData\Local\Programs\Python\Python312\Lib\reprlib.py first seen with mtime 1712654418.0
File C:\Users\Thanmayi vempala\OneDrive\Desktop\DJANGOO\myProject\myVenv\Lib\site-packages\django\http\multipartparser.py first seen with mtime 1722626591.1871476
File C:\Users\Thanmayi vempala\OneDrive\Desktop\DJANGOO\myProject\myVenv\Lib\site-packages\django\views\decorators\__init__.py first seen with mtime 1722626591.4295125
File C:\Users\Thanmayi vempala\OneDrive\Desktop\DJANGOO\myProject\myVenv\Lib\site-packages\django\core\serializers\base.py first seen with mtime 1722626590.7758226
File C:\Users\Thanmayi vempala\OneDrive\Desktop\DJANGOO\myProject\myVenv\Lib\site-packages\django\contrib\messages\storage\__init__.py first seen with mtime 1722626588.4343479
File C:\Users\Thanmayi vempala\OneDrive\Desktop\DJANGOO\myProject\myVenv\Lib\site-packages\django\core\serializers\json.py first seen with mtime 1722626590.776819
File C:\Users\Thanmayi vempala\OneDrive\Desktop\DJANGOO\myProject\myVenv\Lib\site-packages\django\db\__init__.py first seen with mtime 1722626590.7902923
File C:\Users\Thanmayi vempala\OneDrive\Desktop\DJANGOO\myProject\myVenv\Lib\site-packages\django\conf\locale\__init__.py first seen with mtime 1722626582.1628964
File C:\Users\Thanmayi vempala\OneDrive\Desktop\DJANGOO\myProject\myVenv\Lib\site-packages\sqlparse\utils.py first seen with mtime 1722626580.9739692
File C:\Users\Thanmayi vempala\AppData\Local\Programs\Python\Python312\Lib\concurrent\__init__.py first seen with mtime 1712654418.0
File C:\Users\Thanmayi vempala\AppData\Local\Programs\Python\Python312\Lib\asyncio\queues.py first seen with mtime 1712654418.0
File C:\Users\Thanmayi vempala\AppData\Local\Programs\Python\Python312\Lib\multiprocessing\context.py first seen with mtime 1712654418.0
File C:\Users\Thanmayi vempala\OneDrive\Desktop\DJANGOO\myProject\myVenv\Lib\site-packages\django\contrib\contenttypes\checks.py first seen with mtime 1722626586.1169138
File C:\Users\Thanmayi vempala\OneDrive\Desktop\DJANGOO\myProject\myVenv\Lib\site-packages\django\db\migrations\exceptions.py first seen with mtime 1722626590.9082482
File C:\Users\Thanmayi vempala\AppData\Local\Programs\Python\Python312\Lib\wsgiref\headers.py first seen with mtime 1712654418.0
File C:\Users\Thanmayi vempala\OneDrive\Desktop\DJANGOO\myProject\myVenv\Lib\site-packages\django\template\defaultfilters.py first seen with mtime 1722626591.2211578
File C:\Users\Thanmayi vempala\AppData\Local\Programs\Python\Python312\Lib\asyncio\format_helpers.py first seen with mtime 1712654418.0
File C:\Users\Thanmayi vempala\AppData\Local\Programs\Python\Python312\Lib\email\charset.py first seen with mtime 1712654418.0
File C:\Users\Thanmayi vempala\OneDrive\Desktop\DJANGOO\myProject\myVenv\Lib\site-packages\django\contrib\admin\utils.py first seen with mtime 1722626583.0876677
File C:\Users\Thanmayi vempala\OneDrive\Desktop\DJANGOO\myProject\myVenv\Lib\site-packages\django\contrib\staticfiles\management\commands\runserver.py first seen with mtime 1722626590.6054225
File C:\Users\Thanmayi vempala\OneDrive\Desktop\DJANGOO\myProject\myVenv\Lib\site-packages\django\core\management\commands\runserver.py first seen with mtime 1722626590.7563026
File C:\Users\Thanmayi vempala\OneDrive\Desktop\DJANGOO\myProject\myVenv\Lib\site-packages\django\middleware\csrf.py first seen with mtime 1722626591.1981556
File C:\Users\Thanmayi vempala\AppData\Local\Programs\Python\Python312\Lib\fnmatch.py first seen with mtime 1712654418.0
File C:\Users\Thanmayi vempala\AppData\Local\Programs\Python\Python312\Lib\inspect.py first seen with mtime 1712654418.0
File C:\Users\Thanmayi vempala\AppData\Local\Programs\Python\Python312\Lib\tempfile.py first seen with mtime 1712654418.0
File C:\Users\Thanmayi vempala\OneDrive\Desktop\DJANGOO\myProject\myVenv\Lib\site-packages\django\contrib\staticfiles\management\__init__.py first seen with mtime 1722626590.5984118
File C:\Users\Thanmayi vempala\OneDrive\Desktop\DJANGOO\myProject\myVenv\Lib\site-packages\django\urls\converters.py first seen with mtime 1722626591.3096917
File C:\Users\Thanmayi vempala\OneDrive\Desktop\DJANGOO\myProject\myVenv\Lib\site-packages\django\views\__init__.py first seen with mtime 1722626591.421514
File C:\Users\Thanmayi vempala\OneDrive\Desktop\DJANGOO\myProject\myVenv\Lib\site-packages\django\template\smartif.py first seen with mtime 1722626591.2331598
File C:\Users\Thanmayi vempala\AppData\Local\Programs\Python\Python312\Lib\asyncio\staggered.py first seen with mtime 1712654418.0
File C:\Users\Thanmayi vempala\OneDrive\Desktop\DJANGOO\myProject\myVenv\Lib\site-packages\django\utils\text.py first seen with mtime 1722626591.4045136
File C:\Users\Thanmayi vempala\OneDrive\Desktop\DJANGOO\myProject\myVenv\Lib\site-packages\django\db\models\fields\proxy.py first seen with mtime 1722626590.9767838
File C:\Users\Thanmayi vempala\AppData\Local\Programs\Python\Python312\Lib\email\parser.py first seen with mtime 1712654418.0
File C:\Users\Thanmayi vempala\AppData\Local\Programs\Python\Python312\Lib\collections\abc.py first seen with mtime 1712654418.0
File C:\Users\Thanmayi vempala\AppData\Local\Programs\Python\Python312\Lib\heapq.py first seen with mtime 1712654418.0
File C:\Users\Thanmayi vempala\AppData\Local\Programs\Python\Python312\Lib\nturl2path.py first seen with mtime 1712654418.0
File C:\Users\Thanmayi vempala\AppData\Local\Programs\Python\Python312\Lib\json\__init__.py first seen with mtime 1712654418.0
File C:\Users\Thanmayi vempala\AppData\Local\Programs\Python\Python312\Lib\concurrent\futures\__init__.py first seen with mtime 1712654418.0
File C:\Users\Thanmayi vempala\OneDrive\Desktop\DJANGOO\myProject\myVenv\Lib\site-packages\django\forms\renderers.py first seen with mtime 1722626591.0367796
File C:\Users\Thanmayi vempala\OneDrive\Desktop\DJANGOO\myProject\myVenv\Lib\site-packages\django\template\loaders\cached.py first seen with mtime 1722626591.2696905
File C:\Users\Thanmayi vempala\OneDrive\Desktop\DJANGOO\myProject\myVenv\Lib\site-packages\django\contrib\auth\admin.py first seen with mtime 1722626585.4857483
File C:\Users\Thanmayi vempala\AppData\Local\Programs\Python\Python312\Lib\opcode.py first seen with mtime 1712654418.0
File C:\Users\Thanmayi vempala\OneDrive\Desktop\DJANGOO\myProject\myVenv\Lib\site-packages\sqlparse\keywords.py first seen with mtime 1722626580.9689696
File C:\Users\Thanmayi vempala\OneDrive\Desktop\DJANGOO\myProject\myVenv\Lib\site-packages\django\core\cache\backends\filebased.py first seen with mtime 1722626590.6337514
File C:\Users\Thanmayi vempala\OneDrive\Desktop\DJANGOO\myProject\myVenv\Lib\site-packages\django\db\models\sql\subqueries.py first seen with mtime 1722626591.014781
File C:\Users\Thanmayi vempala\OneDrive\Desktop\DJANGOO\myProject\myVenv\Lib\site-packages\django\utils\termcolors.py first seen with mtime 1722626591.4035168
File C:\Users\Thanmayi vempala\AppData\Local\Programs\Python\Python312\Lib\quopri.py first seen with mtime 1712654418.0
File C:\Users\Thanmayi vempala\OneDrive\Desktop\DJANGOO\myProject\myVenv\Lib\site-packages\django\db\models\fields\related_descriptors.py first seen with mtime 1722626590.9807808
File C:\Users\Thanmayi vempala\OneDrive\Desktop\DJANGOO\myProject\myVenv\Lib\site-packages\django\urls\exceptions.py first seen with mtime 1722626591.3106945
File C:\Users\Thanmayi vempala\OneDrive\Desktop\DJANGOO\myProject\myVenv\Lib\site-packages\django\db\models\utils.py first seen with mtime 1722626590.9622576
File C:\Users\Thanmayi vempala\AppData\Local\Programs\Python\Python312\Lib\graphlib.py first seen with mtime 1712654418.0
File C:\Users\Thanmayi vempala\OneDrive\Desktop\DJANGOO\myProject\myVenv\Lib\site-packages\django\core\paginator.py first seen with mtime 1722626590.6134133
File C:\Users\Thanmayi vempala\AppData\Local\Programs\Python\Python312\Lib\ctypes\_endian.py first seen with mtime 1712654418.0
File C:\Users\Thanmayi vempala\OneDrive\Desktop\DJANGOO\myProject\myVenv\Lib\site-packages\django\conf\global_settings.py first seen with mtime 1722626582.1523771
File C:\Users\Thanmayi vempala\OneDrive\Desktop\DJANGOO\myProject\myVenv\Lib\site-packages\django\db\models\fields\related_lookups.py first seen with mtime 1722626590.9817789
File C:\Users\Thanmayi vempala\AppData\Local\Programs\Python\Python312\DLLs\select.pyd first seen with mtime 1712654462.0
File C:\Users\Thanmayi vempala\AppData\Local\Programs\Python\Python312\Lib\sysconfig.py first seen with mtime 1712654418.0
File C:\Users\Thanmayi vempala\OneDrive\Desktop\DJANGOO\myProject\myVenv\Lib\site-packages\django\contrib\admin\__init__.py first seen with mtime 1722626583.0612545
File C:\Users\Thanmayi vempala\OneDrive\Desktop\DJANGOO\myProject\myVenv\Lib\site-packages\django\utils\tree.py first seen with mtime 1722626591.4085155
File C:\Users\Thanmayi vempala\AppData\Local\Programs\Python\Python312\Lib\email\base64mime.py first seen with mtime 1712654418.0
File C:\Users\Thanmayi vempala\OneDrive\Desktop\DJANGOO\myProject\myApp\models.py first seen with mtime 1722509628.6361046
File C:\Users\Thanmayi vempala\OneDrive\Desktop\DJANGOO\myProject\myVenv\Lib\site-packages\django\template\loaders\__init__.py first seen with mtime 1722626591.264167
File C:\Users\Thanmayi vempala\OneDrive\Desktop\DJANGOO\myProject\myVenv\Lib\site-packages\django\dispatch\dispatcher.py first seen with mtime 1722626591.0227833
File C:\Users\Thanmayi vempala\OneDrive\Desktop\DJANGOO\myProject\myVenv\Lib\site-packages\django\urls\conf.py first seen with mtime 1722626591.308694
File C:\Users\Thanmayi vempala\AppData\Local\Programs\Python\Python312\Lib\datetime.py first seen with mtime 1712654418.0
File C:\Users\Thanmayi vempala\OneDrive\Desktop\DJANGOO\myProject\myVenv\Lib\site-packages\django\templatetags\cache.py first seen with mtime 1722626591.2756906
File C:\Users\Thanmayi vempala\OneDrive\Desktop\DJANGOO\myProject\myVenv\Lib\site-packages\django\template\autoreload.py first seen with mtime 1722626591.2111566
File C:\Users\Thanmayi vempala\OneDrive\Desktop\DJANGOO\myProject\myVenv\Lib\site-packages\django\contrib\sites\__init__.py first seen with mtime 1722626590.0132594
File C:\Users\Thanmayi vempala\OneDrive\Desktop\DJANGOO\myProject\myVenv\Lib\site-packages\django\forms\boundfield.py first seen with mtime 1722626591.027778
File C:\Users\Thanmayi vempala\AppData\Local\Programs\Python\Python312\Lib\hashlib.py first seen with mtime 1712654418.0
File C:\Users\Thanmayi vempala\OneDrive\Desktop\DJANGOO\myProject\myVenv\Lib\site-packages\django\core\files\base.py first seen with mtime 1722626590.6662865
File C:\Users\Thanmayi vempala\OneDrive\Desktop\DJANGOO\myProject\myVenv\Lib\site-packages\django\contrib\contenttypes\fields.py first seen with mtime 1722626586.1189127
File C:\Users\Thanmayi vempala\OneDrive\Desktop\DJANGOO\myProject\myVenv\Lib\site-packages\django\core\checks\urls.py first seen with mtime 1722626590.6537614
File C:\Users\Thanmayi vempala\OneDrive\Desktop\DJANGOO\myProject\myVenv\Lib\site-packages\django\db\models\fields\reverse_related.py first seen with mtime 1722626590.9837825
File C:\Users\Thanmayi vempala\OneDrive\Desktop\DJANGOO\myProject\myVenv\Lib\site-packages\django\contrib\messages\utils.py first seen with mtime 1722626588.4293592
File C:\Users\Thanmayi vempala\AppData\Local\Programs\Python\Python312\Lib\typing.py first seen with mtime 1712654418.0
File C:\Users\Thanmayi vempala\OneDrive\Desktop\DJANGOO\myProject\myVenv\Lib\site-packages\django\views\decorators\common.py first seen with mtime 1722626591.433516
File C:\Users\Thanmayi vempala\OneDrive\Desktop\DJANGOO\myProject\myVenv\Lib\site-packages\django\core\__init__.py first seen with mtime 1722626590.6094172
File C:\Users\Thanmayi vempala\AppData\Local\Programs\Python\Python312\Lib\asyncio\threads.py first seen with mtime 1712654418.0
File C:\Users\Thanmayi vempala\OneDrive\Desktop\DJANGOO\myProject\myVenv\Lib\site-packages\django\db\models\fields\files.py first seen with mtime 1722626590.9687815
File C:\Users\Thanmayi vempala\OneDrive\Desktop\DJANGOO\myProject\myVenv\Lib\site-packages\django\utils\timesince.py first seen with mtime 1722626591.4055133
File C:\Users\Thanmayi vempala\AppData\Local\Programs\Python\Python312\Lib\threading.py first seen with mtime 1712654418.0
File C:\Users\Thanmayi vempala\OneDrive\Desktop\DJANGOO\myProject\myVenv\Lib\site-packages\django\templatetags\i18n.py first seen with mtime 1722626591.2766938
File C:\Users\Thanmayi vempala\AppData\Local\Programs\Python\Python312\DLLs\_ctypes.pyd first seen with mtime 1712654462.0
File C:\Users\Thanmayi vempala\OneDrive\Desktop\DJANGOO\myProject\myVenv\Lib\site-packages\django\db\backends\sqlite3\__init__.py first seen with mtime 1722626590.8782463
File C:\Users\Thanmayi vempala\AppData\Local\Programs\Python\Python312\Lib\asyncio\futures.py first seen with mtime 1712654418.0
File C:\Users\Thanmayi vempala\AppData\Local\Programs\Python\Python312\Lib\pkgutil.py first seen with mtime 1712654418.0
File C:\Users\Thanmayi vempala\AppData\Local\Programs\Python\Python312\Lib\queue.py first seen with mtime 1712654418.0
File C:\Users\Thanmayi vempala\OneDrive\Desktop\DJANGOO\myProject\myVenv\Lib\site-packages\django\core\files\temp.py first seen with mtime 1722626590.6712797
File C:\Users\Thanmayi vempala\AppData\Local\Programs\Python\Python312\Lib\socketserver.py first seen with mtime 1712654418.0
File C:\Users\Thanmayi vempala\AppData\Local\Programs\Python\Python312\Lib\email\feedparser.py first seen with mtime 1712654418.0
File C:\Users\Thanmayi vempala\AppData\Local\Programs\Python\Python312\Lib\string.py first seen with mtime 1712654418.0
File C:\Users\Thanmayi vempala\OneDrive\Desktop\DJANGOO\myProject\myVenv\Lib\site-packages\django\contrib\contenttypes\apps.py first seen with mtime 1722626586.1159232
File C:\Users\Thanmayi vempala\OneDrive\Desktop\DJANGOO\myProject\myVenv\Lib\site-packages\django\utils\__init__.py first seen with mtime 1722626591.3176932
File C:\Users\Thanmayi vempala\OneDrive\Desktop\DJANGOO\myProject\myVenv\Lib\site-packages\django\utils\html.py first seen with mtime 1722626591.3845203
File C:\Users\Thanmayi vempala\OneDrive\Desktop\DJANGOO\myProject\myVenv\Lib\site-packages\django\apps\config.py first seen with mtime 1722626582.147379
File C:\Users\Thanmayi vempala\OneDrive\Desktop\DJANGOO\myProject\myVenv\Lib\site-packages\django\utils\translation\__init__.py first seen with mtime 1722626591.4125173
File C:\Users\Thanmayi vempala\OneDrive\Desktop\DJANGOO\myProject\myVenv\Lib\site-packages\django\template\loader.py first seen with mtime 1722626591.229165
File C:\Users\Thanmayi vempala\AppData\Local\Programs\Python\Python312\Lib\lzma.py first seen with mtime 1712654418.0
File C:\Users\Thanmayi vempala\OneDrive\Desktop\DJANGOO\myProject\myVenv\Lib\site-packages\django\contrib\staticfiles\apps.py first seen with mtime 1722626590.5864193
File C:\Users\Thanmayi vempala\OneDrive\Desktop\DJANGOO\myProject\myVenv\Lib\site-packages\django\db\models\fields\mixins.py first seen with mtime 1722626590.9747837
File C:\Users\Thanmayi vempala\OneDrive\Desktop\DJANGOO\myProject\myVenv\Lib\site-packages\django\core\checks\model_checks.py first seen with mtime 1722626590.6487517
File C:\Users\Thanmayi vempala\OneDrive\Desktop\DJANGOO\myProject\myVenv\Lib\site-packages\django\contrib\staticfiles\views.py first seen with mtime 1722626590.5974119
File C:\Users\Thanmayi vempala\OneDrive\Desktop\DJANGOO\myProject\myVenv\Lib\site-packages\django\db\models\fields\__init__.py first seen with mtime 1722626590.96577
File C:\Users\Thanmayi vempala\AppData\Local\Programs\Python\Python312\Lib\html\parser.py first seen with mtime 1712654418.0
File C:\Users\Thanmayi vempala\OneDrive\Desktop\DJANGOO\myProject\myVenv\Lib\site-packages\django\contrib\sites\requests.py first seen with mtime 1722626590.030261
File C:\Users\Thanmayi vempala\OneDrive\Desktop\DJANGOO\myProject\myVenv\Lib\site-packages\django\core\management\__init__.py first seen with mtime 1722626590.7232964
File C:\Users\Thanmayi vempala\OneDrive\Desktop\DJANGOO\myProject\myVenv\Lib\site-packages\django\core\serializers\python.py first seen with mtime 1722626590.7798164
File C:\Users\Thanmayi vempala\OneDrive\Desktop\DJANGOO\myProject\myVenv\Lib\site-packages\django\db\backends\base\introspection.py first seen with mtime 1722626590.8092902
File C:\Users\Thanmayi vempala\AppData\Local\Programs\Python\Python312\Lib\json\encoder.py first seen with mtime 1712654418.0
File C:\Users\Thanmayi vempala\AppData\Local\Programs\Python\Python312\Lib\asyncio\transports.py first seen with mtime 1712654418.0
File C:\Users\Thanmayi vempala\OneDrive\Desktop\DJANGOO\myProject\myProject\settings.py first seen with mtime 1722624535.5241587
File C:\Users\Thanmayi vempala\AppData\Local\Programs\Python\Python312\Lib\wsgiref\simple_server.py first seen with mtime 1712654418.0
File C:\Users\Thanmayi vempala\OneDrive\Desktop\DJANGOO\myProject\myVenv\Lib\site-packages\django\views\generic\list.py first seen with mtime 1722626591.451532
File C:\Users\Thanmayi vempala\AppData\Local\Programs\Python\Python312\Lib\wsgiref\handlers.py first seen with mtime 1712654418.0
File C:\Users\Thanmayi vempala\OneDrive\Desktop\DJANGOO\myProject\myVenv\Lib\site-packages\django\db\backends\base\creation.py first seen with mtime 1722626590.805306
File C:\Users\Thanmayi vempala\AppData\Local\Programs\Python\Python312\Lib\asyncio\trsock.py first seen with mtime 1712654418.0
File C:\Users\Thanmayi vempala\AppData\Local\Programs\Python\Python312\Lib\http\client.py first seen with mtime 1712654418.0
File C:\Users\Thanmayi vempala\OneDrive\Desktop\DJANGOO\myProject\myVenv\Lib\site-packages\django\db\models\functions\comparison.py first seen with mtime 1722626590.9867785
File C:\Users\Thanmayi vempala\OneDrive\Desktop\DJANGOO\myProject\myVenv\Lib\site-packages\django\utils\deprecation.py first seen with mtime 1722626591.3724542
File C:\Users\Thanmayi vempala\OneDrive\Desktop\DJANGOO\myProject\myVenv\Lib\site-packages\django\contrib\auth\forms.py first seen with mtime 1722626585.5017428
File C:\Users\Thanmayi vempala\OneDrive\Desktop\DJANGOO\myProject\myVenv\Lib\site-packages\django\core\files\storage\mixins.py first seen with mtime 1722626590.6932788
File C:\Users\Thanmayi vempala\OneDrive\Desktop\DJANGOO\myProject\myVenv\Lib\site-packages\django\db\backends\base\operations.py first seen with mtime 1722626590.8103046
File C:\Users\Thanmayi vempala\OneDrive\Desktop\DJANGOO\myProject\myVenv\Lib\site-packages\django\db\migrations\utils.py first seen with mtime 1722626590.925257
File C:\Users\Thanmayi vempala\OneDrive\Desktop\DJANGOO\myProject\myVenv\Lib\site-packages\asgiref\current_thread_executor.py first seen with mtime 1722626581.725944
File C:\Users\Thanmayi vempala\OneDrive\Desktop\DJANGOO\myProject\myVenv\Lib\site-packages\django\contrib\auth\__init__.py first seen with mtime 1722626585.4837408
File C:\Users\Thanmayi vempala\OneDrive\Desktop\DJANGOO\myProject\myVenv\Lib\site-packages\django\dispatch\__init__.py first seen with mtime 1722626591.0217824
File C:\Users\Thanmayi vempala\OneDrive\Desktop\DJANGOO\myProject\myVenv\Lib\site-packages\django\db\backends\base\client.py first seen with mtime 1722626590.8032918
File C:\Users\Thanmayi vempala\OneDrive\Desktop\DJANGOO\myProject\myVenv\Lib\site-packages\django\template\base.py first seen with mtime 1722626591.212157
File C:\Users\Thanmayi vempala\OneDrive\Desktop\DJANGOO\myProject\myVenv\Lib\site-packages\django\contrib\admin\views\main.py first seen with mtime 1722626584.7812376
File C:\Users\Thanmayi vempala\AppData\Local\Programs\Python\Python312\Lib\email\quoprimime.py first seen with mtime 1712654418.0
File C:\Users\Thanmayi vempala\OneDrive\Desktop\DJANGOO\myProject\myVenv\Lib\site-packages\django\views\decorators\cache.py first seen with mtime 1722626591.4315145
File C:\Users\Thanmayi vempala\OneDrive\Desktop\DJANGOO\myProject\myVenv\Lib\site-packages\django\template\library.py first seen with mtime 1722626591.2281585
File C:\Users\Thanmayi vempala\OneDrive\Desktop\DJANGOO\myProject\myVenv\Lib\site-packages\django\db\backends\sqlite3\client.py first seen with mtime 1722626590.8832493
File C:\Users\Thanmayi vempala\OneDrive\Desktop\DJANGOO\myProject\myVenv\Lib\site-packages\django\db\models\__init__.py first seen with mtime 1722626590.9392457
File C:\Users\Thanmayi vempala\OneDrive\Desktop\DJANGOO\myProject\myVenv\Lib\site-packages\django\urls\resolvers.py first seen with mtime 1722626591.312698
File C:\Users\Thanmayi vempala\AppData\Local\Programs\Python\Python312\Lib\http\cookies.py first seen with mtime 1712654418.0
File C:\Users\Thanmayi vempala\OneDrive\Desktop\DJANGOO\myProject\myVenv\Lib\site-packages\django\db\migrations\operations\special.py first seen with mtime 1722626590.9372463
File C:\Users\Thanmayi vempala\OneDrive\Desktop\DJANGOO\myProject\myVenv\Lib\site-packages\django\forms\fields.py first seen with mtime 1722626591.0287783
File C:\Users\Thanmayi vempala\OneDrive\Desktop\DJANGOO\myProject\myVenv\Lib\site-packages\sqlparse\lexer.py first seen with mtime 1722626580.969975
File C:\Users\Thanmayi vempala\OneDrive\Desktop\DJANGOO\myProject\myVenv\Lib\site-packages\django\core\files\storage\handler.py first seen with mtime 1722626590.6882803
File C:\Users\Thanmayi vempala\OneDrive\Desktop\DJANGOO\myProject\myVenv\Lib\site-packages\django\db\backends\base\features.py first seen with mtime 1722626590.8062925
File C:\Users\Thanmayi vempala\AppData\Local\Programs\Python\Python312\Lib\hmac.py first seen with mtime 1712654418.0
File C:\Users\Thanmayi vempala\OneDrive\Desktop\DJANGOO\myProject\myVenv\Lib\site-packages\django\db\backends\base\schema.py first seen with mtime 1722626590.812293
File C:\Users\Thanmayi vempala\OneDrive\Desktop\DJANGOO\myProject\myVenv\Lib\site-packages\django\http\response.py first seen with mtime 1722626591.1901565
File C:\Users\Thanmayi vempala\OneDrive\Desktop\DJANGOO\myProject\myVenv\Lib\site-packages\django\core\checks\compatibility\__init__.py first seen with mtime 1722626590.6547608
File C:\Users\Thanmayi vempala\OneDrive\Desktop\DJANGOO\myProject\myApp\__init__.py first seen with mtime 1722509628.6635265
File C:\Users\Thanmayi vempala\OneDrive\Desktop\DJANGOO\myProject\myVenv\Lib\site-packages\django\forms\formsets.py first seen with mtime 1722626591.0327816
File C:\Users\Thanmayi vempala\OneDrive\Desktop\DJANGOO\myProject\myApp\templates\myApp first seen with mtime 1722615613.669304
File C:\Users\Thanmayi vempala\OneDrive\Desktop\DJANGOO\myProject\myApp\templates\myApp\base.html first seen with mtime 1722615593.8373394
File C:\Users\Thanmayi vempala\OneDrive\Desktop\DJANGOO\myProject\myApp\templates\myApp\home.html first seen with mtime 1722615556.9346457
File C:\Users\Thanmayi vempala\OneDrive\Desktop\DJANGOO\myProject\myApp\templates\myApp\upload_file.html first seen with mtime 1722615288.674372
